{"/Users/thomas.mckee/lottosyndicatemanager/server/src/controllers/users.ts": {"path":"/Users/thomas.mckee/lottosyndicatemanager/server/src/controllers/users.ts","statementMap":{"0":{"start":{"line":2,"column":0},"end":{"line":2,"column":50}},"1":{"start":{"line":4,"column":20},"end":{"line":11,"column":1}},"2":{"start":{"line":5,"column":2},"end":{"line":10,"column":null}},"3":{"start":{"line":6,"column":16},"end":{"line":6,"column":42}},"4":{"start":{"line":7,"column":2},"end":{"line":7,"column":68}},"5":{"start":{"line":10,"column":1},"end":{"line":10,"column":28}},"6":{"start":{"line":12,"column":20},"end":{"line":17,"column":1}},"7":{"start":{"line":13,"column":21},"end":{"line":13,"column":31}},"8":{"start":{"line":15,"column":15},"end":{"line":15,"column":60}},"9":{"start":{"line":16,"column":2},"end":{"line":16,"column":66}},"10":{"start":{"line":19,"column":2},"end":{"line":34,"column":null}},"11":{"start":{"line":20,"column":0},"end":{"line":20,"column":null}},"12":{"start":{"line":21,"column":25},"end":{"line":27,"column":null}},"13":{"start":{"line":30,"column":31},"end":{"line":30,"column":86}},"14":{"start":{"line":31,"column":4},"end":{"line":31,"column":52}},"15":{"start":{"line":33,"column":4},"end":{"line":33,"column":51}},"16":{"start":{"line":39,"column":2},"end":{"line":47,"column":null}},"17":{"start":{"line":40,"column":24},"end":{"line":40,"column":34}},"18":{"start":{"line":41,"column":22},"end":{"line":41,"column":30}},"19":{"start":{"line":42,"column":4},"end":{"line":42,"column":39}},"20":{"start":{"line":43,"column":24},"end":{"line":43,"column":72}},"21":{"start":{"line":44,"column":4},"end":{"line":44,"column":45}},"22":{"start":{"line":46,"column":4},"end":{"line":46,"column":51}},"23":{"start":{"line":53,"column":23},"end":{"line":53,"column":48}},"24":{"start":{"line":56,"column":2},"end":{"line":56,"column":26}},"25":{"start":{"line":57,"column":22},"end":{"line":57,"column":66}},"26":{"start":{"line":58,"column":2},"end":{"line":60,"column":null}},"27":{"start":{"line":59,"column":4},"end":{"line":59,"column":52}},"28":{"start":{"line":61,"column":2},"end":{"line":61,"column":43}},"29":{"start":{"line":64,"column":23},"end":{"line":64,"column":104}},"30":{"start":{"line":65,"column":8},"end":{"line":65,"column":22}}},"fnMap":{"0":{"name":"(anonymous_0)","decl":{"start":{"line":4,"column":20},"end":{"line":4,"column":25}},"loc":{"start":{"line":4,"column":58},"end":{"line":11,"column":1}}},"1":{"name":"(anonymous_1)","decl":{"start":{"line":12,"column":20},"end":{"line":12,"column":25}},"loc":{"start":{"line":12,"column":58},"end":{"line":17,"column":1}}},"2":{"name":"createUserSyndicate","decl":{"start":{"line":18,"column":15},"end":{"line":18,"column":34}},"loc":{"start":{"line":18,"column":62},"end":{"line":35,"column":1}}},"3":{"name":"updateUserDetails","decl":{"start":{"line":38,"column":15},"end":{"line":38,"column":32}},"loc":{"start":{"line":38,"column":60},"end":{"line":48,"column":1}}},"4":{"name":"deleteUserById","decl":{"start":{"line":52,"column":15},"end":{"line":52,"column":29}},"loc":{"start":{"line":52,"column":57},"end":{"line":62,"column":1}}}},"branchMap":{"0":{"loc":{"start":{"line":7,"column":9},"end":{"line":7,"column":67}},"type":"cond-expr","locations":[{"start":{"line":7,"column":18},"end":{"line":7,"column":37}},{"start":{"line":7,"column":40},"end":{"line":7,"column":67}}]},"1":{"loc":{"start":{"line":16,"column":9},"end":{"line":16,"column":65}},"type":"cond-expr","locations":[{"start":{"line":16,"column":17},"end":{"line":16,"column":36}},{"start":{"line":16,"column":39},"end":{"line":16,"column":65}}]},"2":{"loc":{"start":{"line":58,"column":2},"end":{"line":60,"column":null}},"type":"if","locations":[{"start":{"line":58,"column":2},"end":{"line":60,"column":null}}]}},"s":{"0":1,"1":1,"2":2,"3":2,"4":1,"5":1,"6":1,"7":0,"8":0,"9":0,"10":0,"11":0,"12":0,"13":0,"14":0,"15":0,"16":0,"17":0,"18":0,"19":0,"20":0,"21":0,"22":0,"23":0,"24":0,"25":0,"26":0,"27":0,"28":0,"29":1,"30":1},"f":{"0":2,"1":0,"2":0,"3":0,"4":0},"b":{"0":[0,1],"1":[0,0],"2":[0]}}
,"/Users/thomas.mckee/lottosyndicatemanager/server/src/services/messages.ts": {"path":"/Users/thomas.mckee/lottosyndicatemanager/server/src/services/messages.ts","statementMap":{"0":{"start":{"line":1,"column":0},"end":{"line":1,"column":38}},"1":{"start":{"line":3,"column":15},"end":{"line":32,"column":1}},"2":{"start":{"line":4,"column":35},"end":{"line":28,"column":4}},"3":{"start":{"line":29,"column":27},"end":{"line":29,"column":90}},"4":{"start":{"line":29,"column":60},"end":{"line":29,"column":89}},"5":{"start":{"line":31,"column":2},"end":{"line":31,"column":26}},"6":{"start":{"line":39,"column":4},"end":{"line":68,"column":null}},"7":{"start":{"line":40,"column":6},"end":{"line":65,"column":9}},"8":{"start":{"line":67,"column":6},"end":{"line":67,"column":60}},"9":{"start":{"line":69,"column":29},"end":{"line":69,"column":99}},"10":{"start":{"line":69,"column":69},"end":{"line":69,"column":98}},"11":{"start":{"line":71,"column":4},"end":{"line":71,"column":28}},"12":{"start":{"line":78,"column":2},"end":{"line":92,"column":null}},"13":{"start":{"line":81,"column":21},"end":{"line":87,"column":4}},"14":{"start":{"line":88,"column":4},"end":{"line":88,"column":35}},"15":{"start":{"line":90,"column":4},"end":{"line":90,"column":23}},"16":{"start":{"line":91,"column":4},"end":{"line":91,"column":38}},"17":{"start":{"line":98,"column":2},"end":{"line":111,"column":null}},"18":{"start":{"line":99,"column":4},"end":{"line":108,"column":7}},"19":{"start":{"line":110,"column":4},"end":{"line":110,"column":23}},"20":{"start":{"line":112,"column":2},"end":{"line":112,"column":24}},"21":{"start":{"line":115,"column":25},"end":{"line":115,"column":96}},"22":{"start":{"line":116,"column":10},"end":{"line":116,"column":24}}},"fnMap":{"0":{"name":"(anonymous_0)","decl":{"start":{"line":3,"column":15},"end":{"line":3,"column":20}},"loc":{"start":{"line":3,"column":26},"end":{"line":32,"column":1}}},"1":{"name":"(anonymous_1)","decl":{"start":{"line":29,"column":47},"end":{"line":29,"column":48}},"loc":{"start":{"line":29,"column":60},"end":{"line":29,"column":89}}},"2":{"name":"getMessagesByBoardsId","decl":{"start":{"line":36,"column":17},"end":{"line":36,"column":38}},"loc":{"start":{"line":36,"column":55},"end":{"line":72,"column":3}}},"3":{"name":"(anonymous_3)","decl":{"start":{"line":69,"column":56},"end":{"line":69,"column":57}},"loc":{"start":{"line":69,"column":69},"end":{"line":69,"column":98}}},"4":{"name":"createMessageInBoard","decl":{"start":{"line":77,"column":15},"end":{"line":77,"column":35}},"loc":{"start":{"line":77,"column":48},"end":{"line":93,"column":1}}},"5":{"name":"deleteMessageById","decl":{"start":{"line":96,"column":15},"end":{"line":96,"column":32}},"loc":{"start":{"line":96,"column":50},"end":{"line":113,"column":1}}}},"branchMap":{},"s":{"0":1,"1":1,"2":1,"3":1,"4":1,"5":1,"6":0,"7":0,"8":0,"9":0,"10":0,"11":0,"12":0,"13":0,"14":0,"15":0,"16":0,"17":0,"18":0,"19":0,"20":0,"21":1,"22":1},"f":{"0":1,"1":1,"2":0,"3":0,"4":0,"5":0},"b":{}}
,"/Users/thomas.mckee/lottosyndicatemanager/server/src/services/reviews.ts": {"path":"/Users/thomas.mckee/lottosyndicatemanager/server/src/services/reviews.ts","statementMap":{"0":{"start":{"line":2,"column":0},"end":{"line":2,"column":38}},"1":{"start":{"line":10,"column":4},"end":{"line":33,"column":null}},"2":{"start":{"line":11,"column":6},"end":{"line":30,"column":9}},"3":{"start":{"line":32,"column":6},"end":{"line":32,"column":59}},"4":{"start":{"line":34,"column":4},"end":{"line":34,"column":38}},"5":{"start":{"line":35,"column":4},"end":{"line":35,"column":32}},"6":{"start":{"line":39,"column":2},"end":{"line":56,"column":null}},"7":{"start":{"line":42,"column":21},"end":{"line":51,"column":4}},"8":{"start":{"line":52,"column":4},"end":{"line":52,"column":35}},"9":{"start":{"line":54,"column":4},"end":{"line":54,"column":23}},"10":{"start":{"line":55,"column":4},"end":{"line":55,"column":40}},"11":{"start":{"line":60,"column":4},"end":{"line":73,"column":null}},"12":{"start":{"line":62,"column":28},"end":{"line":66,"column":8}},"13":{"start":{"line":68,"column":6},"end":{"line":68,"column":27}},"14":{"start":{"line":71,"column":6},"end":{"line":71,"column":27}},"15":{"start":{"line":72,"column":6},"end":{"line":72,"column":18}},"16":{"start":{"line":76,"column":25},"end":{"line":76,"column":94}},"17":{"start":{"line":77,"column":7},"end":{"line":77,"column":21}}},"fnMap":{"0":{"name":"getreviewsBySyndicateId","decl":{"start":{"line":7,"column":15},"end":{"line":7,"column":38}},"loc":{"start":{"line":7,"column":58},"end":{"line":36,"column":3}}},"1":{"name":"createReviewInSyndicate","decl":{"start":{"line":38,"column":15},"end":{"line":38,"column":38}},"loc":{"start":{"line":38,"column":50},"end":{"line":57,"column":1}}},"2":{"name":"deleteReviewsById","decl":{"start":{"line":59,"column":15},"end":{"line":59,"column":32}},"loc":{"start":{"line":59,"column":41},"end":{"line":74,"column":3}}}},"branchMap":{},"s":{"0":1,"1":1,"2":1,"3":0,"4":1,"5":1,"6":1,"7":1,"8":1,"9":0,"10":0,"11":1,"12":1,"13":1,"14":0,"15":0,"16":1,"17":1},"f":{"0":1,"1":1,"2":1},"b":{}}
,"/Users/thomas.mckee/lottosyndicatemanager/server/src/services/syndicates.ts": {"path":"/Users/thomas.mckee/lottosyndicatemanager/server/src/services/syndicates.ts","statementMap":{"0":{"start":{"line":3,"column":0},"end":{"line":3,"column":38}},"1":{"start":{"line":6,"column":15},"end":{"line":26,"column":1}},"2":{"start":{"line":7,"column":40},"end":{"line":23,"column":6}},"3":{"start":{"line":24,"column":26},"end":{"line":24,"column":92}},"4":{"start":{"line":24,"column":63},"end":{"line":24,"column":91}},"5":{"start":{"line":25,"column":4},"end":{"line":25,"column":25}},"6":{"start":{"line":31,"column":4},"end":{"line":65,"column":null}},"7":{"start":{"line":32,"column":6},"end":{"line":61,"column":8}},"8":{"start":{"line":64,"column":6},"end":{"line":64,"column":59}},"9":{"start":{"line":66,"column":26},"end":{"line":66,"column":155}},"10":{"start":{"line":66,"column":68},"end":{"line":66,"column":154}},"11":{"start":{"line":68,"column":4},"end":{"line":68,"column":25}},"12":{"start":{"line":74,"column":2},"end":{"line":90,"column":null}},"13":{"start":{"line":76,"column":23},"end":{"line":85,"column":4}},"14":{"start":{"line":86,"column":4},"end":{"line":86,"column":37}},"15":{"start":{"line":88,"column":4},"end":{"line":88,"column":23}},"16":{"start":{"line":89,"column":4},"end":{"line":89,"column":43}},"17":{"start":{"line":95,"column":2},"end":{"line":108,"column":null}},"18":{"start":{"line":96,"column":4},"end":{"line":105,"column":7}},"19":{"start":{"line":107,"column":4},"end":{"line":107,"column":23}},"20":{"start":{"line":109,"column":2},"end":{"line":109,"column":25}},"21":{"start":{"line":115,"column":4},"end":{"line":129,"column":null}},"22":{"start":{"line":116,"column":6},"end":{"line":126,"column":9}},"23":{"start":{"line":128,"column":6},"end":{"line":128,"column":25}},"24":{"start":{"line":130,"column":4},"end":{"line":130,"column":28}},"25":{"start":{"line":132,"column":27},"end":{"line":132,"column":118}},"26":{"start":{"line":133,"column":10},"end":{"line":133,"column":26}}},"fnMap":{"0":{"name":"(anonymous_0)","decl":{"start":{"line":6,"column":15},"end":{"line":6,"column":20}},"loc":{"start":{"line":6,"column":26},"end":{"line":26,"column":1}}},"1":{"name":"(anonymous_1)","decl":{"start":{"line":24,"column":48},"end":{"line":24,"column":49}},"loc":{"start":{"line":24,"column":63},"end":{"line":24,"column":91}}},"2":{"name":"getSyndicatesByUserId","decl":{"start":{"line":28,"column":15},"end":{"line":28,"column":36}},"loc":{"start":{"line":28,"column":51},"end":{"line":70,"column":3}}},"3":{"name":"(anonymous_3)","decl":{"start":{"line":66,"column":53},"end":{"line":66,"column":54}},"loc":{"start":{"line":66,"column":68},"end":{"line":66,"column":154}}},"4":{"name":"createSyndicate","decl":{"start":{"line":73,"column":15},"end":{"line":73,"column":30}},"loc":{"start":{"line":73,"column":45},"end":{"line":91,"column":1}}},"5":{"name":"updateSyndicateDetails","decl":{"start":{"line":93,"column":15},"end":{"line":93,"column":37}},"loc":{"start":{"line":93,"column":52},"end":{"line":110,"column":1}}},"6":{"name":"deleteSyndicateById","decl":{"start":{"line":113,"column":17},"end":{"line":113,"column":36}},"loc":{"start":{"line":113,"column":56},"end":{"line":131,"column":3}}}},"branchMap":{"0":{"loc":{"start":{"line":66,"column":68},"end":{"line":66,"column":154}},"type":"binary-expr","locations":[{"start":{"line":66,"column":68},"end":{"line":66,"column":111}},{"start":{"line":66,"column":115},"end":{"line":66,"column":154}}]}},"s":{"0":1,"1":1,"2":1,"3":1,"4":1,"5":1,"6":1,"7":1,"8":0,"9":1,"10":1,"11":1,"12":1,"13":1,"14":1,"15":0,"16":0,"17":1,"18":1,"19":0,"20":1,"21":1,"22":1,"23":0,"24":1,"25":1,"26":1},"f":{"0":1,"1":1,"2":1,"3":1,"4":1,"5":1,"6":1},"b":{"0":[1,0]}}
,"/Users/thomas.mckee/lottosyndicatemanager/server/src/services/tickets.ts": {"path":"/Users/thomas.mckee/lottosyndicatemanager/server/src/services/tickets.ts","statementMap":{"0":{"start":{"line":1,"column":0},"end":{"line":1,"column":38}},"1":{"start":{"line":5,"column":15},"end":{"line":38,"column":3}},"2":{"start":{"line":6,"column":41},"end":{"line":34,"column":6}},"3":{"start":{"line":35,"column":28},"end":{"line":35,"column":117}},"4":{"start":{"line":35,"column":59},"end":{"line":35,"column":116}},"5":{"start":{"line":37,"column":5},"end":{"line":37,"column":28}},"6":{"start":{"line":45,"column":4},"end":{"line":79,"column":null}},"7":{"start":{"line":46,"column":6},"end":{"line":75,"column":9}},"8":{"start":{"line":78,"column":6},"end":{"line":78,"column":59}},"9":{"start":{"line":81,"column":4},"end":{"line":81,"column":27}},"10":{"start":{"line":85,"column":4},"end":{"line":101,"column":null}},"11":{"start":{"line":87,"column":20},"end":{"line":96,"column":6}},"12":{"start":{"line":97,"column":6},"end":{"line":97,"column":33}},"13":{"start":{"line":99,"column":6},"end":{"line":99,"column":25}},"14":{"start":{"line":100,"column":6},"end":{"line":100,"column":40}},"15":{"start":{"line":107,"column":4},"end":{"line":120,"column":null}},"16":{"start":{"line":108,"column":6},"end":{"line":117,"column":9}},"17":{"start":{"line":119,"column":6},"end":{"line":119,"column":25}},"18":{"start":{"line":121,"column":4},"end":{"line":121,"column":24}},"19":{"start":{"line":125,"column":4},"end":{"line":139,"column":null}},"20":{"start":{"line":128,"column":28},"end":{"line":132,"column":8}},"21":{"start":{"line":134,"column":6},"end":{"line":134,"column":27}},"22":{"start":{"line":137,"column":6},"end":{"line":137,"column":27}},"23":{"start":{"line":138,"column":6},"end":{"line":138,"column":18}},"24":{"start":{"line":143,"column":24},"end":{"line":143,"column":121}},"25":{"start":{"line":144,"column":10},"end":{"line":144,"column":23}}},"fnMap":{"0":{"name":"(anonymous_0)","decl":{"start":{"line":5,"column":15},"end":{"line":5,"column":20}},"loc":{"start":{"line":5,"column":26},"end":{"line":38,"column":3}}},"1":{"name":"(anonymous_1)","decl":{"start":{"line":35,"column":47},"end":{"line":35,"column":48}},"loc":{"start":{"line":35,"column":59},"end":{"line":35,"column":116}}},"2":{"name":"ticketsByGameId","decl":{"start":{"line":42,"column":17},"end":{"line":42,"column":32}},"loc":{"start":{"line":42,"column":47},"end":{"line":82,"column":3}}},"3":{"name":"createTicketsByGameAndUserSyndicateId","decl":{"start":{"line":84,"column":17},"end":{"line":84,"column":54}},"loc":{"start":{"line":84,"column":66},"end":{"line":102,"column":3}}},"4":{"name":"updateTickets","decl":{"start":{"line":105,"column":17},"end":{"line":105,"column":30}},"loc":{"start":{"line":105,"column":42},"end":{"line":122,"column":3}}},"5":{"name":"deleteTicketsById","decl":{"start":{"line":124,"column":17},"end":{"line":124,"column":34}},"loc":{"start":{"line":124,"column":43},"end":{"line":140,"column":3}}}},"branchMap":{},"s":{"0":1,"1":1,"2":1,"3":1,"4":1,"5":1,"6":1,"7":1,"8":0,"9":1,"10":1,"11":1,"12":1,"13":0,"14":0,"15":1,"16":1,"17":0,"18":1,"19":1,"20":1,"21":1,"22":0,"23":0,"24":1,"25":1},"f":{"0":1,"1":1,"2":1,"3":1,"4":1,"5":1},"b":{}}
,"/Users/thomas.mckee/lottosyndicatemanager/server/src/services/users.ts": {"path":"/Users/thomas.mckee/lottosyndicatemanager/server/src/services/users.ts","statementMap":{"0":{"start":{"line":2,"column":0},"end":{"line":2,"column":38}},"1":{"start":{"line":3,"column":0},"end":{"line":3,"column":27}},"2":{"start":{"line":5,"column":15},"end":{"line":23,"column":1}},"3":{"start":{"line":6,"column":17},"end":{"line":13,"column":4}},"4":{"start":{"line":14,"column":29},"end":{"line":21,"column":7}},"5":{"start":{"line":15,"column":22},"end":{"line":15,"column":55}},"6":{"start":{"line":16,"column":17},"end":{"line":21,"column":6}},"7":{"start":{"line":22,"column":2},"end":{"line":22,"column":21}},"8":{"start":{"line":25,"column":22},"end":{"line":45,"column":3}},"9":{"start":{"line":28,"column":22},"end":{"line":37,"column":6}},"10":{"start":{"line":39,"column":5},"end":{"line":41,"column":null}},"11":{"start":{"line":40,"column":6},"end":{"line":40,"column":18}},"12":{"start":{"line":44,"column":4},"end":{"line":44,"column":21}},"13":{"start":{"line":48,"column":4},"end":{"line":65,"column":null}},"14":{"start":{"line":49,"column":17},"end":{"line":49,"column":39}},"15":{"start":{"line":51,"column":27},"end":{"line":51,"column":65}},"16":{"start":{"line":53,"column":20},"end":{"line":60,"column":6}},"17":{"start":{"line":61,"column":6},"end":{"line":61,"column":27}},"18":{"start":{"line":63,"column":6},"end":{"line":63,"column":25}},"19":{"start":{"line":64,"column":6},"end":{"line":64,"column":40}},"20":{"start":{"line":70,"column":2},"end":{"line":84,"column":null}},"21":{"start":{"line":71,"column":15},"end":{"line":71,"column":37}},"22":{"start":{"line":74,"column":27},"end":{"line":79,"column":4}},"23":{"start":{"line":80,"column":4},"end":{"line":80,"column":39}},"24":{"start":{"line":82,"column":4},"end":{"line":82,"column":23}},"25":{"start":{"line":83,"column":4},"end":{"line":83,"column":38}},"26":{"start":{"line":90,"column":4},"end":{"line":103,"column":null}},"27":{"start":{"line":91,"column":6},"end":{"line":100,"column":9}},"28":{"start":{"line":102,"column":6},"end":{"line":102,"column":25}},"29":{"start":{"line":104,"column":4},"end":{"line":104,"column":22}},"30":{"start":{"line":107,"column":21},"end":{"line":124,"column":3}},"31":{"start":{"line":108,"column":4},"end":{"line":123,"column":7}},"32":{"start":{"line":127,"column":4},"end":{"line":141,"column":null}},"33":{"start":{"line":128,"column":6},"end":{"line":138,"column":9}},"34":{"start":{"line":140,"column":6},"end":{"line":140,"column":25}},"35":{"start":{"line":142,"column":4},"end":{"line":142,"column":23}},"36":{"start":{"line":146,"column":22},"end":{"line":146,"column":120}},"37":{"start":{"line":147,"column":10},"end":{"line":147,"column":21}}},"fnMap":{"0":{"name":"(anonymous_1)","decl":{"start":{"line":5,"column":15},"end":{"line":5,"column":20}},"loc":{"start":{"line":5,"column":26},"end":{"line":23,"column":1}}},"1":{"name":"(anonymous_2)","decl":{"start":{"line":15,"column":12},"end":{"line":15,"column":13}},"loc":{"start":{"line":15,"column":22},"end":{"line":15,"column":55}}},"2":{"name":"(anonymous_3)","decl":{"start":{"line":16,"column":9},"end":{"line":16,"column":10}},"loc":{"start":{"line":16,"column":17},"end":{"line":21,"column":6}}},"3":{"name":"(anonymous_4)","decl":{"start":{"line":25,"column":22},"end":{"line":25,"column":27}},"loc":{"start":{"line":25,"column":47},"end":{"line":45,"column":3}}},"4":{"name":"createUser","decl":{"start":{"line":47,"column":17},"end":{"line":47,"column":27}},"loc":{"start":{"line":47,"column":37},"end":{"line":66,"column":3}}},"5":{"name":"createUserSyndicate","decl":{"start":{"line":69,"column":15},"end":{"line":69,"column":34}},"loc":{"start":{"line":69,"column":53},"end":{"line":85,"column":1}}},"6":{"name":"updateUserDetails","decl":{"start":{"line":88,"column":17},"end":{"line":88,"column":34}},"loc":{"start":{"line":88,"column":44},"end":{"line":105,"column":3}}},"7":{"name":"(anonymous_8)","decl":{"start":{"line":107,"column":21},"end":{"line":107,"column":26}},"loc":{"start":{"line":107,"column":45},"end":{"line":124,"column":3}}},"8":{"name":"deleteUserById","decl":{"start":{"line":125,"column":17},"end":{"line":125,"column":31}},"loc":{"start":{"line":125,"column":46},"end":{"line":143,"column":3}}}},"branchMap":{"0":{"loc":{"start":{"line":39,"column":5},"end":{"line":41,"column":null}},"type":"if","locations":[{"start":{"line":39,"column":5},"end":{"line":41,"column":null}}]}},"s":{"0":2,"1":2,"2":2,"3":1,"4":1,"5":1,"6":1,"7":1,"8":2,"9":1,"10":1,"11":0,"12":1,"13":0,"14":0,"15":0,"16":0,"17":0,"18":0,"19":0,"20":1,"21":1,"22":1,"23":1,"24":0,"25":0,"26":1,"27":1,"28":0,"29":1,"30":2,"31":1,"32":1,"33":1,"34":0,"35":1,"36":2,"37":2},"f":{"0":1,"1":1,"2":1,"3":1,"4":0,"5":1,"6":1,"7":1,"8":1},"b":{"0":[0]}}
,"/Users/thomas.mckee/lottosyndicatemanager/server/src/test-utils/prisma.ts": {"path":"/Users/thomas.mckee/lottosyndicatemanager/server/src/test-utils/prisma.ts","statementMap":{"0":{"start":{"line":1,"column":0},"end":{"line":1,"column":41}},"1":{"start":{"line":3,"column":20},"end":{"line":3,"column":33}},"2":{"start":{"line":5,"column":9},"end":{"line":5,"column":20}}},"fnMap":{},"branchMap":{},"s":{"0":5,"1":5,"2":5},"f":{},"b":{}}
,"/Users/thomas.mckee/lottosyndicatemanager/server/src/utils/prisma.ts": {"path":"/Users/thomas.mckee/lottosyndicatemanager/server/src/utils/prisma.ts","statementMap":{"0":{"start":{"line":1,"column":0},"end":{"line":1,"column":46}},"1":{"start":{"line":3,"column":15},"end":{"line":3,"column":33}},"2":{"start":{"line":5,"column":9},"end":{"line":5,"column":15}}},"fnMap":{},"branchMap":{},"s":{"0":6,"1":6,"2":6},"f":{},"b":{}}
}
