{"/Users/thomas.mckee/lottosyndicatemanager/server/src/controllers/games.ts": {"path":"/Users/thomas.mckee/lottosyndicatemanager/server/src/controllers/games.ts","statementMap":{"0":{"start":{"line":2,"column":0},"end":{"line":2,"column":48}},"1":{"start":{"line":5,"column":20},"end":{"line":8,"column":1}},"2":{"start":{"line":6,"column":16},"end":{"line":6,"column":42}},"3":{"start":{"line":7,"column":2},"end":{"line":7,"column":68}},"4":{"start":{"line":10,"column":21},"end":{"line":15,"column":1}},"5":{"start":{"line":11,"column":21},"end":{"line":11,"column":31}},"6":{"start":{"line":13,"column":15},"end":{"line":13,"column":65}},"7":{"start":{"line":14,"column":2},"end":{"line":14,"column":66}},"8":{"start":{"line":18,"column":25},"end":{"line":26,"column":1}},"9":{"start":{"line":19,"column":19},"end":{"line":19,"column":29}},"10":{"start":{"line":20,"column":18},"end":{"line":20,"column":65}},"11":{"start":{"line":21,"column":2},"end":{"line":23,"column":null}},"12":{"start":{"line":22,"column":4},"end":{"line":22,"column":31}},"13":{"start":{"line":24,"column":0},"end":{"line":24,"column":37}},"14":{"start":{"line":32,"column":2},"end":{"line":47,"column":null}},"15":{"start":{"line":34,"column":17},"end":{"line":39,"column":null}},"16":{"start":{"line":43,"column":24},"end":{"line":43,"column":73}},"17":{"start":{"line":44,"column":4},"end":{"line":44,"column":45}},"18":{"start":{"line":46,"column":4},"end":{"line":46,"column":51}},"19":{"start":{"line":50,"column":2},"end":{"line":63,"column":null}},"20":{"start":{"line":51,"column":24},"end":{"line":51,"column":57}},"21":{"start":{"line":52,"column":18},"end":{"line":52,"column":70}},"22":{"start":{"line":53,"column":4},"end":{"line":53,"column":null}},"23":{"start":{"line":54,"column":4},"end":{"line":56,"column":null}},"24":{"start":{"line":55,"column":6},"end":{"line":55,"column":29}},"25":{"start":{"line":58,"column":6},"end":{"line":58,"column":41}},"26":{"start":{"line":62,"column":4},"end":{"line":62,"column":62}},"27":{"start":{"line":66,"column":2},"end":{"line":79,"column":null}},"28":{"start":{"line":67,"column":23},"end":{"line":67,"column":55}},"29":{"start":{"line":68,"column":24},"end":{"line":68,"column":57}},"30":{"start":{"line":69,"column":18},"end":{"line":69,"column":77}},"31":{"start":{"line":70,"column":4},"end":{"line":72,"column":null}},"32":{"start":{"line":71,"column":6},"end":{"line":71,"column":29}},"33":{"start":{"line":74,"column":6},"end":{"line":74,"column":41}},"34":{"start":{"line":78,"column":4},"end":{"line":78,"column":62}},"35":{"start":{"line":83,"column":2},"end":{"line":98,"column":null}},"36":{"start":{"line":85,"column":20},"end":{"line":92,"column":null}},"37":{"start":{"line":94,"column":23},"end":{"line":94,"column":65}},"38":{"start":{"line":95,"column":4},"end":{"line":95,"column":45}},"39":{"start":{"line":97,"column":4},"end":{"line":97,"column":51}},"40":{"start":{"line":101,"column":2},"end":{"line":112,"column":null}},"41":{"start":{"line":102,"column":21},"end":{"line":107,"column":null}},"42":{"start":{"line":108,"column":24},"end":{"line":108,"column":67}},"43":{"start":{"line":109,"column":4},"end":{"line":109,"column":45}},"44":{"start":{"line":111,"column":4},"end":{"line":111,"column":null}},"45":{"start":{"line":115,"column":23},"end":{"line":115,"column":144}},"46":{"start":{"line":116,"column":8},"end":{"line":116,"column":22}}},"fnMap":{"0":{"name":"(anonymous_0)","decl":{"start":{"line":5,"column":20},"end":{"line":5,"column":25}},"loc":{"start":{"line":5,"column":58},"end":{"line":8,"column":1}}},"1":{"name":"(anonymous_1)","decl":{"start":{"line":10,"column":21},"end":{"line":10,"column":26}},"loc":{"start":{"line":10,"column":58},"end":{"line":15,"column":1}}},"2":{"name":"(anonymous_2)","decl":{"start":{"line":18,"column":25},"end":{"line":18,"column":30}},"loc":{"start":{"line":18,"column":61},"end":{"line":26,"column":1}}},"3":{"name":"createGames","decl":{"start":{"line":31,"column":15},"end":{"line":31,"column":26}},"loc":{"start":{"line":31,"column":54},"end":{"line":48,"column":1}}},"4":{"name":"getGamesBySyndicateId","decl":{"start":{"line":49,"column":15},"end":{"line":49,"column":36}},"loc":{"start":{"line":49,"column":64},"end":{"line":64,"column":1}}},"5":{"name":"getGamesByTypeId","decl":{"start":{"line":65,"column":15},"end":{"line":65,"column":31}},"loc":{"start":{"line":65,"column":59},"end":{"line":80,"column":1}}},"6":{"name":"UpdateGame","decl":{"start":{"line":82,"column":15},"end":{"line":82,"column":25}},"loc":{"start":{"line":82,"column":53},"end":{"line":99,"column":1}}},"7":{"name":"archiveGame","decl":{"start":{"line":100,"column":15},"end":{"line":100,"column":26}},"loc":{"start":{"line":100,"column":54},"end":{"line":113,"column":1}}}},"branchMap":{"0":{"loc":{"start":{"line":7,"column":9},"end":{"line":7,"column":67}},"type":"cond-expr","locations":[{"start":{"line":7,"column":18},"end":{"line":7,"column":37}},{"start":{"line":7,"column":40},"end":{"line":7,"column":67}}]},"1":{"loc":{"start":{"line":14,"column":9},"end":{"line":14,"column":65}},"type":"cond-expr","locations":[{"start":{"line":14,"column":17},"end":{"line":14,"column":36}},{"start":{"line":14,"column":39},"end":{"line":14,"column":65}}]},"2":{"loc":{"start":{"line":21,"column":2},"end":{"line":23,"column":null}},"type":"if","locations":[{"start":{"line":21,"column":2},"end":{"line":23,"column":null}}]},"3":{"loc":{"start":{"line":54,"column":4},"end":{"line":56,"column":null}},"type":"if","locations":[{"start":{"line":54,"column":4},"end":{"line":56,"column":null}}]},"4":{"loc":{"start":{"line":70,"column":4},"end":{"line":72,"column":null}},"type":"if","locations":[{"start":{"line":70,"column":4},"end":{"line":72,"column":null}}]}},"s":{"0":1,"1":1,"2":1,"3":1,"4":1,"5":0,"6":0,"7":0,"8":1,"9":0,"10":0,"11":0,"12":0,"13":0,"14":0,"15":0,"16":0,"17":0,"18":0,"19":0,"20":0,"21":0,"22":0,"23":0,"24":0,"25":0,"26":0,"27":0,"28":0,"29":0,"30":0,"31":0,"32":0,"33":0,"34":0,"35":0,"36":0,"37":0,"38":0,"39":0,"40":0,"41":0,"42":0,"43":0,"44":0,"45":1,"46":1},"f":{"0":1,"1":0,"2":0,"3":0,"4":0,"5":0,"6":0,"7":0},"b":{"0":[0,1],"1":[0,0],"2":[0],"3":[0],"4":[0]}}
,"/Users/thomas.mckee/lottosyndicatemanager/server/src/controllers/messages.ts": {"path":"/Users/thomas.mckee/lottosyndicatemanager/server/src/controllers/messages.ts","statementMap":{"0":{"start":{"line":2,"column":0},"end":{"line":2,"column":54}},"1":{"start":{"line":5,"column":23},"end":{"line":8,"column":1}},"2":{"start":{"line":6,"column":19},"end":{"line":6,"column":48}},"3":{"start":{"line":7,"column":2},"end":{"line":7,"column":74}},"4":{"start":{"line":10,"column":4},"end":{"line":22,"column":null}},"5":{"start":{"line":12,"column":22},"end":{"line":12,"column":51}},"6":{"start":{"line":13,"column":6},"end":{"line":15,"column":null}},"7":{"start":{"line":14,"column":8},"end":{"line":14,"column":null}},"8":{"start":{"line":16,"column":22},"end":{"line":16,"column":74}},"9":{"start":{"line":18,"column":6},"end":{"line":18,"column":44}},"10":{"start":{"line":21,"column":6},"end":{"line":21,"column":64}},"11":{"start":{"line":25,"column":4},"end":{"line":38,"column":null}},"12":{"start":{"line":26,"column":23},"end":{"line":33,"column":8}},"13":{"start":{"line":34,"column":27},"end":{"line":34,"column":78}},"14":{"start":{"line":35,"column":6},"end":{"line":35,"column":48}},"15":{"start":{"line":37,"column":6},"end":{"line":37,"column":55}},"16":{"start":{"line":41,"column":4},"end":{"line":51,"column":null}},"17":{"start":{"line":42,"column":23},"end":{"line":42,"column":51}},"18":{"start":{"line":44,"column":8},"end":{"line":46,"column":null}},"19":{"start":{"line":45,"column":12},"end":{"line":45,"column":71}},"20":{"start":{"line":49,"column":8},"end":{"line":49,"column":29}},"21":{"start":{"line":50,"column":8},"end":{"line":50,"column":70}},"22":{"start":{"line":57,"column":25},"end":{"line":57,"column":53}},"23":{"start":{"line":60,"column":4},"end":{"line":60,"column":28}},"24":{"start":{"line":61,"column":27},"end":{"line":61,"column":77}},"25":{"start":{"line":62,"column":4},"end":{"line":64,"column":null}},"26":{"start":{"line":63,"column":6},"end":{"line":63,"column":59}},"27":{"start":{"line":65,"column":4},"end":{"line":65,"column":48}},"28":{"start":{"line":67,"column":27},"end":{"line":67,"column":137}},"29":{"start":{"line":68,"column":8},"end":{"line":68,"column":26}}},"fnMap":{"0":{"name":"(anonymous_0)","decl":{"start":{"line":5,"column":23},"end":{"line":5,"column":28}},"loc":{"start":{"line":5,"column":61},"end":{"line":8,"column":1}}},"1":{"name":"getMessagesByBoardsId","decl":{"start":{"line":9,"column":15},"end":{"line":9,"column":36}},"loc":{"start":{"line":9,"column":64},"end":{"line":23,"column":3}}},"2":{"name":"createNewMessageInBoard","decl":{"start":{"line":24,"column":17},"end":{"line":24,"column":40}},"loc":{"start":{"line":24,"column":68},"end":{"line":39,"column":3}}},"3":{"name":"createNewGameMessageInBoard","decl":{"start":{"line":40,"column":17},"end":{"line":40,"column":44}},"loc":{"start":{"line":40,"column":72},"end":{"line":52,"column":1}}},"4":{"name":"deleteMessageById","decl":{"start":{"line":56,"column":17},"end":{"line":56,"column":34}},"loc":{"start":{"line":56,"column":62},"end":{"line":66,"column":3}}}},"branchMap":{"0":{"loc":{"start":{"line":7,"column":9},"end":{"line":7,"column":73}},"type":"cond-expr","locations":[{"start":{"line":7,"column":21},"end":{"line":7,"column":40}},{"start":{"line":7,"column":43},"end":{"line":7,"column":73}}]},"1":{"loc":{"start":{"line":13,"column":6},"end":{"line":15,"column":null}},"type":"if","locations":[{"start":{"line":13,"column":6},"end":{"line":15,"column":null}}]},"2":{"loc":{"start":{"line":44,"column":8},"end":{"line":46,"column":null}},"type":"if","locations":[{"start":{"line":44,"column":8},"end":{"line":46,"column":null}}]},"3":{"loc":{"start":{"line":62,"column":4},"end":{"line":64,"column":null}},"type":"if","locations":[{"start":{"line":62,"column":4},"end":{"line":64,"column":null}}]}},"s":{"0":1,"1":1,"2":1,"3":1,"4":3,"5":3,"6":3,"7":1,"8":2,"9":1,"10":1,"11":1,"12":1,"13":1,"14":1,"15":0,"16":0,"17":0,"18":0,"19":0,"20":0,"21":0,"22":0,"23":0,"24":0,"25":0,"26":0,"27":0,"28":1,"29":1},"f":{"0":1,"1":3,"2":1,"3":0,"4":0},"b":{"0":[0,1],"1":[1],"2":[0],"3":[0]}}
,"/Users/thomas.mckee/lottosyndicatemanager/server/src/controllers/reviews.ts": {"path":"/Users/thomas.mckee/lottosyndicatemanager/server/src/controllers/reviews.ts","statementMap":{"0":{"start":{"line":2,"column":0},"end":{"line":2,"column":53}},"1":{"start":{"line":5,"column":4},"end":{"line":16,"column":null}},"2":{"start":{"line":6,"column":26},"end":{"line":6,"column":59}},"3":{"start":{"line":7,"column":22},"end":{"line":7,"column":79}},"4":{"start":{"line":8,"column":6},"end":{"line":8,"column":null}},"5":{"start":{"line":9,"column":6},"end":{"line":11,"column":null}},"6":{"start":{"line":10,"column":8},"end":{"line":10,"column":null}},"7":{"start":{"line":12,"column":6},"end":{"line":12,"column":43}},"8":{"start":{"line":15,"column":6},"end":{"line":15,"column":64}},"9":{"start":{"line":20,"column":4},"end":{"line":34,"column":null}},"10":{"start":{"line":21,"column":24},"end":{"line":28,"column":8}},"11":{"start":{"line":30,"column":28},"end":{"line":30,"column":83}},"12":{"start":{"line":31,"column":6},"end":{"line":31,"column":49}},"13":{"start":{"line":33,"column":6},"end":{"line":33,"column":55}},"14":{"start":{"line":38,"column":21},"end":{"line":38,"column":48}},"15":{"start":{"line":40,"column":27},"end":{"line":40,"column":75}},"16":{"start":{"line":41,"column":4},"end":{"line":43,"column":null}},"17":{"start":{"line":42,"column":6},"end":{"line":42,"column":58}},"18":{"start":{"line":44,"column":4},"end":{"line":44,"column":48}},"19":{"start":{"line":50,"column":28},"end":{"line":50,"column":98}},"20":{"start":{"line":51,"column":8},"end":{"line":51,"column":25}}},"fnMap":{"0":{"name":"getReviewsBySyndicateId","decl":{"start":{"line":4,"column":15},"end":{"line":4,"column":38}},"loc":{"start":{"line":4,"column":66},"end":{"line":17,"column":3}}},"1":{"name":"createNewReviewOnSyndicate","decl":{"start":{"line":19,"column":17},"end":{"line":19,"column":43}},"loc":{"start":{"line":19,"column":71},"end":{"line":35,"column":3}}},"2":{"name":"deleteReviewById","decl":{"start":{"line":37,"column":15},"end":{"line":37,"column":31}},"loc":{"start":{"line":37,"column":59},"end":{"line":45,"column":3}}}},"branchMap":{"0":{"loc":{"start":{"line":9,"column":6},"end":{"line":11,"column":null}},"type":"if","locations":[{"start":{"line":9,"column":6},"end":{"line":11,"column":null}}]},"1":{"loc":{"start":{"line":41,"column":4},"end":{"line":43,"column":null}},"type":"if","locations":[{"start":{"line":41,"column":4},"end":{"line":43,"column":null}}]}},"s":{"0":1,"1":3,"2":3,"3":3,"4":2,"5":2,"6":1,"7":1,"8":1,"9":1,"10":1,"11":1,"12":1,"13":0,"14":0,"15":0,"16":0,"17":0,"18":0,"19":1,"20":1},"f":{"0":3,"1":1,"2":0},"b":{"0":[1],"1":[0]}}
,"/Users/thomas.mckee/lottosyndicatemanager/server/src/controllers/signup.ts": {"path":"/Users/thomas.mckee/lottosyndicatemanager/server/src/controllers/signup.ts","statementMap":{"0":{"start":{"line":2,"column":0},"end":{"line":2,"column":50}},"1":{"start":{"line":5,"column":4},"end":{"line":11,"column":null}},"2":{"start":{"line":6,"column":22},"end":{"line":6,"column":30}},"3":{"start":{"line":7,"column":26},"end":{"line":7,"column":63}},"4":{"start":{"line":8,"column":6},"end":{"line":8,"column":47}},"5":{"start":{"line":10,"column":6},"end":{"line":10,"column":34}},"6":{"start":{"line":14,"column":27},"end":{"line":14,"column":40}},"7":{"start":{"line":15,"column":10},"end":{"line":15,"column":26}}},"fnMap":{"0":{"name":"createUser","decl":{"start":{"line":4,"column":15},"end":{"line":4,"column":25}},"loc":{"start":{"line":4,"column":53},"end":{"line":12,"column":3}}}},"branchMap":{},"s":{"0":1,"1":1,"2":1,"3":1,"4":1,"5":0,"6":1,"7":1},"f":{"0":1},"b":{}}
,"/Users/thomas.mckee/lottosyndicatemanager/server/src/controllers/syndicates.ts": {"path":"/Users/thomas.mckee/lottosyndicatemanager/server/src/controllers/syndicates.ts","statementMap":{"0":{"start":{"line":2,"column":0},"end":{"line":2,"column":60}},"1":{"start":{"line":4,"column":25},"end":{"line":7,"column":1}},"2":{"start":{"line":5,"column":21},"end":{"line":5,"column":52}},"3":{"start":{"line":6,"column":2},"end":{"line":6,"column":78}},"4":{"start":{"line":8,"column":26},"end":{"line":14,"column":1}},"5":{"start":{"line":9,"column":26},"end":{"line":9,"column":36}},"6":{"start":{"line":12,"column":19},"end":{"line":12,"column":79}},"7":{"start":{"line":13,"column":2},"end":{"line":13,"column":76}},"8":{"start":{"line":16,"column":27},"end":{"line":25,"column":1}},"9":{"start":{"line":17,"column":2},"end":{"line":23,"column":null}},"10":{"start":{"line":18,"column":17},"end":{"line":18,"column":27}},"11":{"start":{"line":19,"column":19},"end":{"line":19,"column":66}},"12":{"start":{"line":20,"column":0},"end":{"line":20,"column":76}},"13":{"start":{"line":22,"column":4},"end":{"line":22,"column":null}},"14":{"start":{"line":29,"column":4},"end":{"line":38,"column":null}},"15":{"start":{"line":30,"column":27},"end":{"line":33,"column":8}},"16":{"start":{"line":34,"column":31},"end":{"line":34,"column":83}},"17":{"start":{"line":35,"column":6},"end":{"line":35,"column":52}},"18":{"start":{"line":37,"column":6},"end":{"line":37,"column":58}},"19":{"start":{"line":43,"column":4},"end":{"line":51,"column":null}},"20":{"start":{"line":44,"column":31},"end":{"line":44,"column":41}},"21":{"start":{"line":45,"column":29},"end":{"line":45,"column":37}},"22":{"start":{"line":46,"column":6},"end":{"line":46,"column":51}},"23":{"start":{"line":47,"column":30},"end":{"line":47,"column":93}},"24":{"start":{"line":48,"column":6},"end":{"line":48,"column":52}},"25":{"start":{"line":50,"column":6},"end":{"line":50,"column":53}},"26":{"start":{"line":55,"column":23},"end":{"line":55,"column":53}},"27":{"start":{"line":58,"column":2},"end":{"line":58,"column":26}},"28":{"start":{"line":59,"column":27},"end":{"line":59,"column":81}},"29":{"start":{"line":60,"column":2},"end":{"line":62,"column":null}},"30":{"start":{"line":61,"column":4},"end":{"line":61,"column":52}},"31":{"start":{"line":63,"column":2},"end":{"line":63,"column":48}},"32":{"start":{"line":65,"column":28},"end":{"line":65,"column":145}},"33":{"start":{"line":66,"column":8},"end":{"line":66,"column":27}}},"fnMap":{"0":{"name":"(anonymous_0)","decl":{"start":{"line":4,"column":25},"end":{"line":4,"column":30}},"loc":{"start":{"line":4,"column":63},"end":{"line":7,"column":1}}},"1":{"name":"(anonymous_1)","decl":{"start":{"line":8,"column":26},"end":{"line":8,"column":31}},"loc":{"start":{"line":8,"column":64},"end":{"line":14,"column":1}}},"2":{"name":"(anonymous_2)","decl":{"start":{"line":16,"column":27},"end":{"line":16,"column":32}},"loc":{"start":{"line":16,"column":61},"end":{"line":25,"column":1}}},"3":{"name":"createSyndicate","decl":{"start":{"line":28,"column":17},"end":{"line":28,"column":32}},"loc":{"start":{"line":28,"column":60},"end":{"line":39,"column":3}}},"4":{"name":"UpdateSyndicateDetails","decl":{"start":{"line":42,"column":17},"end":{"line":42,"column":39}},"loc":{"start":{"line":42,"column":67},"end":{"line":52,"column":3}}},"5":{"name":"deleteSyndicateById","decl":{"start":{"line":54,"column":15},"end":{"line":54,"column":34}},"loc":{"start":{"line":54,"column":62},"end":{"line":64,"column":1}}}},"branchMap":{"0":{"loc":{"start":{"line":6,"column":9},"end":{"line":6,"column":77}},"type":"cond-expr","locations":[{"start":{"line":6,"column":23},"end":{"line":6,"column":42}},{"start":{"line":6,"column":45},"end":{"line":6,"column":77}}]},"1":{"loc":{"start":{"line":13,"column":9},"end":{"line":13,"column":75}},"type":"cond-expr","locations":[{"start":{"line":13,"column":22},"end":{"line":13,"column":41}},{"start":{"line":13,"column":44},"end":{"line":13,"column":75}}]},"2":{"loc":{"start":{"line":20,"column":7},"end":{"line":20,"column":75}},"type":"cond-expr","locations":[{"start":{"line":20,"column":21},"end":{"line":20,"column":40}},{"start":{"line":20,"column":43},"end":{"line":20,"column":75}}]},"3":{"loc":{"start":{"line":60,"column":2},"end":{"line":62,"column":null}},"type":"if","locations":[{"start":{"line":60,"column":2},"end":{"line":62,"column":null}}]}},"s":{"0":1,"1":1,"2":1,"3":1,"4":1,"5":0,"6":0,"7":0,"8":1,"9":0,"10":0,"11":0,"12":0,"13":0,"14":1,"15":1,"16":1,"17":1,"18":0,"19":2,"20":2,"21":2,"22":2,"23":2,"24":1,"25":1,"26":0,"27":0,"28":0,"29":0,"30":0,"31":0,"32":1,"33":1},"f":{"0":1,"1":0,"2":0,"3":1,"4":2,"5":0},"b":{"0":[0,1],"1":[0,0],"2":[0,0],"3":[0]}}
,"/Users/thomas.mckee/lottosyndicatemanager/server/src/controllers/tickets.ts": {"path":"/Users/thomas.mckee/lottosyndicatemanager/server/src/controllers/tickets.ts","statementMap":{"0":{"start":{"line":2,"column":0},"end":{"line":2,"column":54}},"1":{"start":{"line":4,"column":22},"end":{"line":7,"column":1}},"2":{"start":{"line":5,"column":18},"end":{"line":5,"column":46}},"3":{"start":{"line":6,"column":2},"end":{"line":6,"column":72}},"4":{"start":{"line":10,"column":4},"end":{"line":24,"column":null}},"5":{"start":{"line":11,"column":21},"end":{"line":11,"column":49}},"6":{"start":{"line":12,"column":7},"end":{"line":12,"column":null}},"7":{"start":{"line":13,"column":22},"end":{"line":13,"column":65}},"8":{"start":{"line":15,"column":6},"end":{"line":17,"column":null}},"9":{"start":{"line":16,"column":8},"end":{"line":16,"column":65}},"10":{"start":{"line":18,"column":6},"end":{"line":18,"column":43}},"11":{"start":{"line":23,"column":6},"end":{"line":23,"column":64}},"12":{"start":{"line":29,"column":4},"end":{"line":43,"column":null}},"13":{"start":{"line":30,"column":2},"end":{"line":30,"column":null}},"14":{"start":{"line":31,"column":21},"end":{"line":36,"column":null}},"15":{"start":{"line":39,"column":27},"end":{"line":39,"column":80}},"16":{"start":{"line":40,"column":6},"end":{"line":40,"column":48}},"17":{"start":{"line":42,"column":6},"end":{"line":42,"column":53}},"18":{"start":{"line":49,"column":4},"end":{"line":63,"column":null}},"19":{"start":{"line":52,"column":25},"end":{"line":58,"column":null}},"20":{"start":{"line":59,"column":26},"end":{"line":59,"column":74}},"21":{"start":{"line":60,"column":6},"end":{"line":60,"column":47}},"22":{"start":{"line":62,"column":6},"end":{"line":62,"column":53}},"23":{"start":{"line":66,"column":21},"end":{"line":66,"column":48}},"24":{"start":{"line":68,"column":26},"end":{"line":68,"column":73}},"25":{"start":{"line":69,"column":4},"end":{"line":71,"column":null}},"26":{"start":{"line":70,"column":6},"end":{"line":70,"column":57}},"27":{"start":{"line":72,"column":4},"end":{"line":72,"column":47}},"28":{"start":{"line":75,"column":25},"end":{"line":75,"column":111}},"29":{"start":{"line":76,"column":8},"end":{"line":76,"column":24}}},"fnMap":{"0":{"name":"(anonymous_0)","decl":{"start":{"line":4,"column":22},"end":{"line":4,"column":27}},"loc":{"start":{"line":4,"column":60},"end":{"line":7,"column":1}}},"1":{"name":"getTicketsByGameId","decl":{"start":{"line":9,"column":15},"end":{"line":9,"column":33}},"loc":{"start":{"line":9,"column":61},"end":{"line":25,"column":3}}},"2":{"name":"createTickets","decl":{"start":{"line":28,"column":17},"end":{"line":28,"column":30}},"loc":{"start":{"line":28,"column":58},"end":{"line":44,"column":3}}},"3":{"name":"updateTicketStatus","decl":{"start":{"line":48,"column":17},"end":{"line":48,"column":35}},"loc":{"start":{"line":48,"column":63},"end":{"line":64,"column":3}}},"4":{"name":"deleteTicketById","decl":{"start":{"line":65,"column":17},"end":{"line":65,"column":33}},"loc":{"start":{"line":65,"column":61},"end":{"line":73,"column":3}}}},"branchMap":{"0":{"loc":{"start":{"line":6,"column":9},"end":{"line":6,"column":71}},"type":"cond-expr","locations":[{"start":{"line":6,"column":20},"end":{"line":6,"column":39}},{"start":{"line":6,"column":42},"end":{"line":6,"column":71}}]},"1":{"loc":{"start":{"line":15,"column":6},"end":{"line":17,"column":null}},"type":"if","locations":[{"start":{"line":15,"column":6},"end":{"line":17,"column":null}}]},"2":{"loc":{"start":{"line":69,"column":4},"end":{"line":71,"column":null}},"type":"if","locations":[{"start":{"line":69,"column":4},"end":{"line":71,"column":null}}]}},"s":{"0":1,"1":1,"2":2,"3":2,"4":3,"5":3,"6":3,"7":3,"8":2,"9":1,"10":1,"11":1,"12":0,"13":0,"14":0,"15":0,"16":0,"17":0,"18":1,"19":1,"20":1,"21":1,"22":0,"23":0,"24":0,"25":0,"26":0,"27":0,"28":1,"29":1},"f":{"0":2,"1":3,"2":0,"3":1,"4":0},"b":{"0":[1,1],"1":[1],"2":[0]}}
,"/Users/thomas.mckee/lottosyndicatemanager/server/src/controllers/userSyndicate.ts": {"path":"/Users/thomas.mckee/lottosyndicatemanager/server/src/controllers/userSyndicate.ts","statementMap":{"0":{"start":{"line":2,"column":0},"end":{"line":2,"column":67}},"1":{"start":{"line":3,"column":41},"end":{"line":8,"column":3}},"2":{"start":{"line":4,"column":30},"end":{"line":4,"column":40}},"3":{"start":{"line":6,"column":26},"end":{"line":6,"column":110}},"4":{"start":{"line":7,"column":4},"end":{"line":7,"column":86}},"5":{"start":{"line":9,"column":31},"end":{"line":14,"column":3}},"6":{"start":{"line":10,"column":28},"end":{"line":10,"column":38}},"7":{"start":{"line":12,"column":17},"end":{"line":12,"column":94}},"8":{"start":{"line":13,"column":4},"end":{"line":13,"column":68}},"9":{"start":{"line":16,"column":4},"end":{"line":29,"column":null}},"10":{"start":{"line":17,"column":21},"end":{"line":17,"column":49}},"11":{"start":{"line":18,"column":25},"end":{"line":18,"column":81}},"12":{"start":{"line":19,"column":6},"end":{"line":19,"column":null}},"13":{"start":{"line":20,"column":6},"end":{"line":22,"column":null}},"14":{"start":{"line":21,"column":8},"end":{"line":21,"column":31}},"15":{"start":{"line":24,"column":8},"end":{"line":24,"column":48}},"16":{"start":{"line":28,"column":6},"end":{"line":28,"column":64}},"17":{"start":{"line":32,"column":4},"end":{"line":47,"column":null}},"18":{"start":{"line":33,"column":2},"end":{"line":33,"column":null}},"19":{"start":{"line":34,"column":27},"end":{"line":40,"column":null}},"20":{"start":{"line":43,"column":33},"end":{"line":43,"column":97}},"21":{"start":{"line":44,"column":6},"end":{"line":44,"column":54}},"22":{"start":{"line":46,"column":6},"end":{"line":46,"column":53}},"23":{"start":{"line":50,"column":4},"end":{"line":59,"column":null}},"24":{"start":{"line":51,"column":35},"end":{"line":51,"column":45}},"25":{"start":{"line":53,"column":26},"end":{"line":53,"column":34}},"26":{"start":{"line":54,"column":6},"end":{"line":54,"column":52}},"27":{"start":{"line":55,"column":26},"end":{"line":55,"column":94}},"28":{"start":{"line":56,"column":6},"end":{"line":56,"column":47}},"29":{"start":{"line":58,"column":6},"end":{"line":58,"column":53}},"30":{"start":{"line":62,"column":28},"end":{"line":62,"column":62}},"31":{"start":{"line":64,"column":33},"end":{"line":64,"column":100}},"32":{"start":{"line":65,"column":4},"end":{"line":67,"column":null}},"33":{"start":{"line":66,"column":6},"end":{"line":66,"column":58}},"34":{"start":{"line":68,"column":4},"end":{"line":68,"column":60}},"35":{"start":{"line":71,"column":32},"end":{"line":73,"column":null}},"36":{"start":{"line":76,"column":9},"end":{"line":76,"column":32}}},"fnMap":{"0":{"name":"(anonymous_0)","decl":{"start":{"line":3,"column":41},"end":{"line":3,"column":46}},"loc":{"start":{"line":3,"column":77},"end":{"line":8,"column":3}}},"1":{"name":"(anonymous_1)","decl":{"start":{"line":9,"column":31},"end":{"line":9,"column":36}},"loc":{"start":{"line":9,"column":69},"end":{"line":14,"column":3}}},"2":{"name":"getSyndicatesByUserId","decl":{"start":{"line":15,"column":17},"end":{"line":15,"column":38}},"loc":{"start":{"line":15,"column":66},"end":{"line":30,"column":3}}},"3":{"name":"createUserSyndicate","decl":{"start":{"line":31,"column":17},"end":{"line":31,"column":36}},"loc":{"start":{"line":31,"column":64},"end":{"line":48,"column":3}}},"4":{"name":"updateUserSyndicate","decl":{"start":{"line":49,"column":19},"end":{"line":49,"column":38}},"loc":{"start":{"line":49,"column":66},"end":{"line":60,"column":3}}},"5":{"name":"deleteUserSyndicateById","decl":{"start":{"line":61,"column":17},"end":{"line":61,"column":40}},"loc":{"start":{"line":61,"column":68},"end":{"line":69,"column":3}}}},"branchMap":{"0":{"loc":{"start":{"line":7,"column":11},"end":{"line":7,"column":85}},"type":"cond-expr","locations":[{"start":{"line":7,"column":28},"end":{"line":7,"column":47}},{"start":{"line":7,"column":50},"end":{"line":7,"column":85}}]},"1":{"loc":{"start":{"line":13,"column":11},"end":{"line":13,"column":67}},"type":"cond-expr","locations":[{"start":{"line":13,"column":19},"end":{"line":13,"column":38}},{"start":{"line":13,"column":41},"end":{"line":13,"column":67}}]},"2":{"loc":{"start":{"line":20,"column":6},"end":{"line":22,"column":null}},"type":"if","locations":[{"start":{"line":20,"column":6},"end":{"line":22,"column":null}}]},"3":{"loc":{"start":{"line":65,"column":4},"end":{"line":67,"column":null}},"type":"if","locations":[{"start":{"line":65,"column":4},"end":{"line":67,"column":null}}]}},"s":{"0":1,"1":1,"2":0,"3":0,"4":0,"5":1,"6":2,"7":2,"8":2,"9":3,"10":3,"11":3,"12":2,"13":2,"14":1,"15":1,"16":1,"17":1,"18":1,"19":1,"20":1,"21":1,"22":0,"23":0,"24":0,"25":0,"26":0,"27":0,"28":0,"29":0,"30":0,"31":0,"32":0,"33":0,"34":0,"35":1,"36":1},"f":{"0":0,"1":2,"2":3,"3":1,"4":0,"5":0},"b":{"0":[0,0],"1":[1,1],"2":[1],"3":[0]}}
,"/Users/thomas.mckee/lottosyndicatemanager/server/src/controllers/users.ts": {"path":"/Users/thomas.mckee/lottosyndicatemanager/server/src/controllers/users.ts","statementMap":{"0":{"start":{"line":2,"column":0},"end":{"line":2,"column":50}},"1":{"start":{"line":4,"column":20},"end":{"line":11,"column":1}},"2":{"start":{"line":5,"column":2},"end":{"line":10,"column":null}},"3":{"start":{"line":6,"column":16},"end":{"line":6,"column":42}},"4":{"start":{"line":7,"column":2},"end":{"line":7,"column":68}},"5":{"start":{"line":10,"column":1},"end":{"line":10,"column":28}},"6":{"start":{"line":12,"column":20},"end":{"line":17,"column":1}},"7":{"start":{"line":13,"column":21},"end":{"line":13,"column":31}},"8":{"start":{"line":15,"column":15},"end":{"line":15,"column":60}},"9":{"start":{"line":16,"column":2},"end":{"line":16,"column":66}},"10":{"start":{"line":22,"column":2},"end":{"line":30,"column":null}},"11":{"start":{"line":23,"column":24},"end":{"line":23,"column":34}},"12":{"start":{"line":24,"column":22},"end":{"line":24,"column":30}},"13":{"start":{"line":25,"column":4},"end":{"line":25,"column":39}},"14":{"start":{"line":26,"column":24},"end":{"line":26,"column":72}},"15":{"start":{"line":27,"column":4},"end":{"line":27,"column":45}},"16":{"start":{"line":29,"column":4},"end":{"line":29,"column":51}},"17":{"start":{"line":33,"column":2},"end":{"line":41,"column":null}},"18":{"start":{"line":34,"column":23},"end":{"line":34,"column":33}},"19":{"start":{"line":35,"column":25},"end":{"line":35,"column":33}},"20":{"start":{"line":36,"column":4},"end":{"line":36,"column":42}},"21":{"start":{"line":37,"column":27},"end":{"line":37,"column":73}},"22":{"start":{"line":38,"column":4},"end":{"line":38,"column":null}},"23":{"start":{"line":40,"column":4},"end":{"line":40,"column":null}},"24":{"start":{"line":44,"column":23},"end":{"line":44,"column":48}},"25":{"start":{"line":47,"column":2},"end":{"line":47,"column":26}},"26":{"start":{"line":48,"column":22},"end":{"line":48,"column":66}},"27":{"start":{"line":49,"column":2},"end":{"line":51,"column":null}},"28":{"start":{"line":50,"column":4},"end":{"line":50,"column":52}},"29":{"start":{"line":52,"column":2},"end":{"line":52,"column":43}},"30":{"start":{"line":55,"column":23},"end":{"line":55,"column":100}},"31":{"start":{"line":56,"column":8},"end":{"line":56,"column":22}}},"fnMap":{"0":{"name":"(anonymous_0)","decl":{"start":{"line":4,"column":20},"end":{"line":4,"column":25}},"loc":{"start":{"line":4,"column":58},"end":{"line":11,"column":1}}},"1":{"name":"(anonymous_1)","decl":{"start":{"line":12,"column":20},"end":{"line":12,"column":25}},"loc":{"start":{"line":12,"column":58},"end":{"line":17,"column":1}}},"2":{"name":"updateUserDetails","decl":{"start":{"line":21,"column":15},"end":{"line":21,"column":32}},"loc":{"start":{"line":21,"column":60},"end":{"line":31,"column":1}}},"3":{"name":"updateBalance","decl":{"start":{"line":32,"column":15},"end":{"line":32,"column":28}},"loc":{"start":{"line":32,"column":56},"end":{"line":42,"column":1}}},"4":{"name":"deleteUserById","decl":{"start":{"line":43,"column":15},"end":{"line":43,"column":29}},"loc":{"start":{"line":43,"column":57},"end":{"line":53,"column":1}}}},"branchMap":{"0":{"loc":{"start":{"line":7,"column":9},"end":{"line":7,"column":67}},"type":"cond-expr","locations":[{"start":{"line":7,"column":18},"end":{"line":7,"column":37}},{"start":{"line":7,"column":40},"end":{"line":7,"column":67}}]},"1":{"loc":{"start":{"line":16,"column":9},"end":{"line":16,"column":65}},"type":"cond-expr","locations":[{"start":{"line":16,"column":17},"end":{"line":16,"column":36}},{"start":{"line":16,"column":39},"end":{"line":16,"column":65}}]},"2":{"loc":{"start":{"line":49,"column":2},"end":{"line":51,"column":null}},"type":"if","locations":[{"start":{"line":49,"column":2},"end":{"line":51,"column":null}}]}},"s":{"0":1,"1":1,"2":2,"3":2,"4":1,"5":1,"6":1,"7":2,"8":2,"9":2,"10":2,"11":2,"12":2,"13":2,"14":2,"15":1,"16":1,"17":0,"18":0,"19":0,"20":0,"21":0,"22":0,"23":0,"24":0,"25":0,"26":0,"27":0,"28":0,"29":0,"30":1,"31":1},"f":{"0":2,"1":2,"2":2,"3":0,"4":0},"b":{"0":[0,1],"1":[1,1],"2":[0]}}
,"/Users/thomas.mckee/lottosyndicatemanager/server/src/services/boards.ts": {"path":"/Users/thomas.mckee/lottosyndicatemanager/server/src/services/boards.ts","statementMap":{"0":{"start":{"line":2,"column":0},"end":{"line":2,"column":38}},"1":{"start":{"line":4,"column":15},"end":{"line":38,"column":3}},"2":{"start":{"line":5,"column":25},"end":{"line":35,"column":6}},"3":{"start":{"line":37,"column":4},"end":{"line":37,"column":null}},"4":{"start":{"line":43,"column":4},"end":{"line":87,"column":null}},"5":{"start":{"line":44,"column":6},"end":{"line":83,"column":9}},"6":{"start":{"line":86,"column":6},"end":{"line":86,"column":57}},"7":{"start":{"line":89,"column":4},"end":{"line":89,"column":31}},"8":{"start":{"line":94,"column":4},"end":{"line":108,"column":null}},"9":{"start":{"line":97,"column":22},"end":{"line":103,"column":6}},"10":{"start":{"line":104,"column":6},"end":{"line":104,"column":28}},"11":{"start":{"line":106,"column":6},"end":{"line":106,"column":25}},"12":{"start":{"line":107,"column":6},"end":{"line":107,"column":40}},"13":{"start":{"line":114,"column":2},"end":{"line":125,"column":null}},"14":{"start":{"line":115,"column":4},"end":{"line":122,"column":7}},"15":{"start":{"line":124,"column":4},"end":{"line":124,"column":23}},"16":{"start":{"line":126,"column":2},"end":{"line":126,"column":22}},"17":{"start":{"line":133,"column":4},"end":{"line":153,"column":null}},"18":{"start":{"line":135,"column":6},"end":{"line":139,"column":9}},"19":{"start":{"line":142,"column":27},"end":{"line":146,"column":8}},"20":{"start":{"line":148,"column":6},"end":{"line":148,"column":26}},"21":{"start":{"line":151,"column":6},"end":{"line":151,"column":27}},"22":{"start":{"line":152,"column":6},"end":{"line":152,"column":18}},"23":{"start":{"line":156,"column":24},"end":{"line":156,"column":97}},"24":{"start":{"line":157,"column":10},"end":{"line":157,"column":23}}},"fnMap":{"0":{"name":"(anonymous_0)","decl":{"start":{"line":4,"column":15},"end":{"line":4,"column":20}},"loc":{"start":{"line":4,"column":26},"end":{"line":38,"column":3}}},"1":{"name":"getBoardsByGameId","decl":{"start":{"line":40,"column":17},"end":{"line":40,"column":34}},"loc":{"start":{"line":40,"column":49},"end":{"line":90,"column":3}}},"2":{"name":"createBoards","decl":{"start":{"line":93,"column":15},"end":{"line":93,"column":27}},"loc":{"start":{"line":93,"column":38},"end":{"line":109,"column":3}}},"3":{"name":"updateBoards","decl":{"start":{"line":112,"column":15},"end":{"line":112,"column":27}},"loc":{"start":{"line":112,"column":38},"end":{"line":127,"column":1}}},"4":{"name":"deleteBoardsById","decl":{"start":{"line":132,"column":17},"end":{"line":132,"column":33}},"loc":{"start":{"line":132,"column":41},"end":{"line":154,"column":3}}}},"branchMap":{},"s":{"0":1,"1":1,"2":1,"3":1,"4":1,"5":1,"6":0,"7":1,"8":1,"9":1,"10":1,"11":0,"12":0,"13":1,"14":1,"15":0,"16":1,"17":1,"18":1,"19":1,"20":1,"21":0,"22":0,"23":1,"24":1},"f":{"0":1,"1":1,"2":1,"3":1,"4":1},"b":{}}
,"/Users/thomas.mckee/lottosyndicatemanager/server/src/services/gameTypes.ts": {"path":"/Users/thomas.mckee/lottosyndicatemanager/server/src/services/gameTypes.ts","statementMap":{"0":{"start":{"line":1,"column":0},"end":{"line":1,"column":41}},"1":{"start":{"line":6,"column":15},"end":{"line":34,"column":1}},"2":{"start":{"line":7,"column":4},"end":{"line":32,"column":null}},"3":{"start":{"line":8,"column":25},"end":{"line":17,"column":10}},"4":{"start":{"line":19,"column":48},"end":{"line":26,"column":11}},"5":{"start":{"line":19,"column":69},"end":{"line":26,"column":10}},"6":{"start":{"line":27,"column":34},"end":{"line":27,"column":122}},"7":{"start":{"line":27,"column":83},"end":{"line":27,"column":121}},"8":{"start":{"line":28,"column":8},"end":{"line":28,"column":33}},"9":{"start":{"line":30,"column":8},"end":{"line":30,"column":58}},"10":{"start":{"line":31,"column":8},"end":{"line":31,"column":20}},"11":{"start":{"line":36,"column":24},"end":{"line":62,"column":1}},"12":{"start":{"line":37,"column":19},"end":{"line":47,"column":2}},"13":{"start":{"line":48,"column":0},"end":{"line":61,"column":null}},"14":{"start":{"line":49,"column":41},"end":{"line":56,"column":null}},"15":{"start":{"line":58,"column":0},"end":{"line":58,"column":28}},"16":{"start":{"line":60,"column":2},"end":{"line":60,"column":null}},"17":{"start":{"line":70,"column":4},"end":{"line":82,"column":null}},"18":{"start":{"line":71,"column":6},"end":{"line":79,"column":9}},"19":{"start":{"line":81,"column":6},"end":{"line":81,"column":25}},"20":{"start":{"line":83,"column":4},"end":{"line":83,"column":27}},"21":{"start":{"line":88,"column":23},"end":{"line":88,"column":62}},"22":{"start":{"line":89,"column":7},"end":{"line":89,"column":22}}},"fnMap":{"0":{"name":"(anonymous_0)","decl":{"start":{"line":6,"column":15},"end":{"line":6,"column":20}},"loc":{"start":{"line":6,"column":26},"end":{"line":34,"column":1}}},"1":{"name":"(anonymous_1)","decl":{"start":{"line":19,"column":61},"end":{"line":19,"column":62}},"loc":{"start":{"line":19,"column":69},"end":{"line":26,"column":10}}},"2":{"name":"(anonymous_2)","decl":{"start":{"line":27,"column":60},"end":{"line":27,"column":61}},"loc":{"start":{"line":27,"column":83},"end":{"line":27,"column":121}}},"3":{"name":"(anonymous_3)","decl":{"start":{"line":36,"column":24},"end":{"line":36,"column":29}},"loc":{"start":{"line":36,"column":52},"end":{"line":62,"column":1}}},"4":{"name":"updateDates","decl":{"start":{"line":68,"column":15},"end":{"line":68,"column":26}},"loc":{"start":{"line":68,"column":41},"end":{"line":84,"column":3}}}},"branchMap":{"0":{"loc":{"start":{"line":48,"column":0},"end":{"line":61,"column":null}},"type":"if","locations":[{"start":{"line":48,"column":0},"end":{"line":61,"column":null}},{"start":{"line":59,"column":5},"end":{"line":61,"column":null}}]}},"s":{"0":1,"1":1,"2":1,"3":1,"4":1,"5":1,"6":1,"7":1,"8":1,"9":0,"10":0,"11":1,"12":1,"13":1,"14":1,"15":1,"16":0,"17":1,"18":1,"19":0,"20":1,"21":1,"22":1},"f":{"0":1,"1":1,"2":1,"3":1,"4":1},"b":{"0":[1,0]}}
,"/Users/thomas.mckee/lottosyndicatemanager/server/src/services/games.ts": {"path":"/Users/thomas.mckee/lottosyndicatemanager/server/src/services/games.ts","statementMap":{"0":{"start":{"line":1,"column":0},"end":{"line":1,"column":38}},"1":{"start":{"line":6,"column":15},"end":{"line":114,"column":1}},"2":{"start":{"line":9,"column":4},"end":{"line":49,"column":6}},"3":{"start":{"line":51,"column":36},"end":{"line":110,"column":5}},"4":{"start":{"line":81,"column":13},"end":{"line":110,"column":4}},"5":{"start":{"line":111,"column":24},"end":{"line":111,"column":82}},"6":{"start":{"line":111,"column":55},"end":{"line":111,"column":81}},"7":{"start":{"line":113,"column":2},"end":{"line":113,"column":23}},"8":{"start":{"line":130,"column":4},"end":{"line":209,"column":null}},"9":{"start":{"line":131,"column":3},"end":{"line":173,"column":10}},"10":{"start":{"line":175,"column":37},"end":{"line":204,"column":null}},"11":{"start":{"line":205,"column":7},"end":{"line":205,"column":null}},"12":{"start":{"line":207,"column":6},"end":{"line":207,"column":null}},"13":{"start":{"line":220,"column":4},"end":{"line":264,"column":10}},"14":{"start":{"line":266,"column":40},"end":{"line":325,"column":9}},"15":{"start":{"line":296,"column":17},"end":{"line":325,"column":8}},"16":{"start":{"line":326,"column":28},"end":{"line":326,"column":86}},"17":{"start":{"line":326,"column":59},"end":{"line":326,"column":85}},"18":{"start":{"line":328,"column":6},"end":{"line":328,"column":27}},"19":{"start":{"line":335,"column":4},"end":{"line":390,"column":null}},"20":{"start":{"line":336,"column":6},"end":{"line":386,"column":8}},"21":{"start":{"line":389,"column":6},"end":{"line":389,"column":60}},"22":{"start":{"line":393,"column":36},"end":{"line":452,"column":5}},"23":{"start":{"line":423,"column":13},"end":{"line":452,"column":4}},"24":{"start":{"line":453,"column":24},"end":{"line":453,"column":82}},"25":{"start":{"line":453,"column":55},"end":{"line":453,"column":81}},"26":{"start":{"line":455,"column":4},"end":{"line":455,"column":25}},"27":{"start":{"line":463,"column":2},"end":{"line":517,"column":null}},"28":{"start":{"line":464,"column":4},"end":{"line":513,"column":6}},"29":{"start":{"line":516,"column":4},"end":{"line":516,"column":58}},"30":{"start":{"line":519,"column":34},"end":{"line":578,"column":3}},"31":{"start":{"line":549,"column":11},"end":{"line":578,"column":2}},"32":{"start":{"line":579,"column":0},"end":{"line":579,"column":null}},"33":{"start":{"line":585,"column":2},"end":{"line":602,"column":null}},"34":{"start":{"line":586,"column":0},"end":{"line":586,"column":null}},"35":{"start":{"line":587,"column":0},"end":{"line":587,"column":null}},"36":{"start":{"line":588,"column":18},"end":{"line":596,"column":4}},"37":{"start":{"line":597,"column":2},"end":{"line":597,"column":null}},"38":{"start":{"line":598,"column":4},"end":{"line":598,"column":19}},"39":{"start":{"line":600,"column":4},"end":{"line":600,"column":23}},"40":{"start":{"line":601,"column":4},"end":{"line":601,"column":38}},"41":{"start":{"line":607,"column":2},"end":{"line":622,"column":null}},"42":{"start":{"line":608,"column":4},"end":{"line":619,"column":7}},"43":{"start":{"line":621,"column":4},"end":{"line":621,"column":23}},"44":{"start":{"line":623,"column":2},"end":{"line":623,"column":20}},"45":{"start":{"line":629,"column":2},"end":{"line":640,"column":null}},"46":{"start":{"line":631,"column":2},"end":{"line":637,"column":null}},"47":{"start":{"line":639,"column":4},"end":{"line":639,"column":null}},"48":{"start":{"line":641,"column":2},"end":{"line":641,"column":22}},"49":{"start":{"line":645,"column":22},"end":{"line":645,"column":150}},"50":{"start":{"line":646,"column":10},"end":{"line":646,"column":21}}},"fnMap":{"0":{"name":"(anonymous_0)","decl":{"start":{"line":6,"column":15},"end":{"line":6,"column":20}},"loc":{"start":{"line":6,"column":26},"end":{"line":114,"column":1}}},"1":{"name":"(anonymous_1)","decl":{"start":{"line":52,"column":6},"end":{"line":52,"column":7}},"loc":{"start":{"line":81,"column":13},"end":{"line":110,"column":4}}},"2":{"name":"(anonymous_2)","decl":{"start":{"line":111,"column":46},"end":{"line":111,"column":47}},"loc":{"start":{"line":111,"column":55},"end":{"line":111,"column":81}}},"3":{"name":"getGamesByGameId","decl":{"start":{"line":128,"column":17},"end":{"line":128,"column":33}},"loc":{"start":{"line":128,"column":48},"end":{"line":211,"column":3}}},"4":{"name":"getGamesBySyndicateId","decl":{"start":{"line":216,"column":15},"end":{"line":216,"column":36}},"loc":{"start":{"line":216,"column":56},"end":{"line":329,"column":5}}},"5":{"name":"(anonymous_5)","decl":{"start":{"line":267,"column":10},"end":{"line":267,"column":11}},"loc":{"start":{"line":296,"column":17},"end":{"line":325,"column":8}}},"6":{"name":"(anonymous_6)","decl":{"start":{"line":326,"column":50},"end":{"line":326,"column":51}},"loc":{"start":{"line":326,"column":59},"end":{"line":326,"column":85}}},"7":{"name":"getGamesByTypeId","decl":{"start":{"line":332,"column":17},"end":{"line":332,"column":33}},"loc":{"start":{"line":332,"column":73},"end":{"line":457,"column":3}}},"8":{"name":"(anonymous_8)","decl":{"start":{"line":394,"column":6},"end":{"line":394,"column":7}},"loc":{"start":{"line":423,"column":13},"end":{"line":452,"column":4}}},"9":{"name":"(anonymous_9)","decl":{"start":{"line":453,"column":46},"end":{"line":453,"column":47}},"loc":{"start":{"line":453,"column":55},"end":{"line":453,"column":81}}},"10":{"name":"archivedGames","decl":{"start":{"line":460,"column":15},"end":{"line":460,"column":28}},"loc":{"start":{"line":460,"column":43},"end":{"line":580,"column":1}}},"11":{"name":"(anonymous_11)","decl":{"start":{"line":520,"column":4},"end":{"line":520,"column":5}},"loc":{"start":{"line":549,"column":11},"end":{"line":578,"column":2}}},"12":{"name":"createGameInSyndicate","decl":{"start":{"line":584,"column":15},"end":{"line":584,"column":36}},"loc":{"start":{"line":584,"column":46},"end":{"line":603,"column":1}}},"13":{"name":"updateGames","decl":{"start":{"line":605,"column":15},"end":{"line":605,"column":26}},"loc":{"start":{"line":605,"column":36},"end":{"line":624,"column":1}}},"14":{"name":"archiveGames","decl":{"start":{"line":627,"column":15},"end":{"line":627,"column":27}},"loc":{"start":{"line":627,"column":38},"end":{"line":642,"column":1}}}},"branchMap":{},"s":{"0":2,"1":2,"2":1,"3":1,"4":1,"5":1,"6":1,"7":1,"8":1,"9":1,"10":1,"11":1,"12":0,"13":1,"14":1,"15":1,"16":1,"17":1,"18":1,"19":1,"20":1,"21":0,"22":1,"23":1,"24":1,"25":1,"26":1,"27":1,"28":1,"29":0,"30":1,"31":1,"32":1,"33":1,"34":1,"35":1,"36":1,"37":1,"38":1,"39":0,"40":0,"41":1,"42":1,"43":0,"44":1,"45":1,"46":1,"47":0,"48":1,"49":2,"50":2},"f":{"0":1,"1":1,"2":1,"3":1,"4":1,"5":1,"6":1,"7":1,"8":1,"9":1,"10":1,"11":1,"12":1,"13":1,"14":1},"b":{}}
,"/Users/thomas.mckee/lottosyndicatemanager/server/src/services/messages.ts": {"path":"/Users/thomas.mckee/lottosyndicatemanager/server/src/services/messages.ts","statementMap":{"0":{"start":{"line":1,"column":0},"end":{"line":1,"column":38}},"1":{"start":{"line":3,"column":15},"end":{"line":53,"column":1}},"2":{"start":{"line":4,"column":22},"end":{"line":29,"column":4}},"3":{"start":{"line":31,"column":40},"end":{"line":48,"column":5}},"4":{"start":{"line":31,"column":69},"end":{"line":48,"column":4}},"5":{"start":{"line":50,"column":27},"end":{"line":50,"column":94}},"6":{"start":{"line":50,"column":64},"end":{"line":50,"column":93}},"7":{"start":{"line":52,"column":2},"end":{"line":52,"column":26}},"8":{"start":{"line":60,"column":6},"end":{"line":87,"column":9}},"9":{"start":{"line":89,"column":44},"end":{"line":106,"column":9}},"10":{"start":{"line":89,"column":80},"end":{"line":106,"column":8}},"11":{"start":{"line":108,"column":31},"end":{"line":108,"column":98}},"12":{"start":{"line":108,"column":68},"end":{"line":108,"column":97}},"13":{"start":{"line":110,"column":6},"end":{"line":110,"column":30}},"14":{"start":{"line":115,"column":2},"end":{"line":131,"column":null}},"15":{"start":{"line":118,"column":21},"end":{"line":126,"column":4}},"16":{"start":{"line":127,"column":4},"end":{"line":127,"column":35}},"17":{"start":{"line":129,"column":4},"end":{"line":129,"column":23}},"18":{"start":{"line":130,"column":4},"end":{"line":130,"column":41}},"19":{"start":{"line":140,"column":2},"end":{"line":153,"column":null}},"20":{"start":{"line":141,"column":4},"end":{"line":150,"column":7}},"21":{"start":{"line":152,"column":4},"end":{"line":152,"column":23}},"22":{"start":{"line":154,"column":2},"end":{"line":154,"column":24}},"23":{"start":{"line":157,"column":25},"end":{"line":157,"column":97}},"24":{"start":{"line":158,"column":10},"end":{"line":158,"column":24}}},"fnMap":{"0":{"name":"(anonymous_0)","decl":{"start":{"line":3,"column":15},"end":{"line":3,"column":20}},"loc":{"start":{"line":3,"column":26},"end":{"line":53,"column":1}}},"1":{"name":"(anonymous_1)","decl":{"start":{"line":31,"column":56},"end":{"line":31,"column":57}},"loc":{"start":{"line":31,"column":69},"end":{"line":48,"column":4}}},"2":{"name":"(anonymous_2)","decl":{"start":{"line":50,"column":51},"end":{"line":50,"column":52}},"loc":{"start":{"line":50,"column":64},"end":{"line":50,"column":93}}},"3":{"name":"getMessagesByBoardsId","decl":{"start":{"line":56,"column":17},"end":{"line":56,"column":38}},"loc":{"start":{"line":56,"column":55},"end":{"line":111,"column":5}}},"4":{"name":"(anonymous_4)","decl":{"start":{"line":89,"column":67},"end":{"line":89,"column":68}},"loc":{"start":{"line":89,"column":80},"end":{"line":106,"column":8}}},"5":{"name":"(anonymous_5)","decl":{"start":{"line":108,"column":55},"end":{"line":108,"column":56}},"loc":{"start":{"line":108,"column":68},"end":{"line":108,"column":97}}},"6":{"name":"createMessageInBoard","decl":{"start":{"line":114,"column":15},"end":{"line":114,"column":35}},"loc":{"start":{"line":114,"column":48},"end":{"line":132,"column":1}}},"7":{"name":"deleteMessageById","decl":{"start":{"line":138,"column":15},"end":{"line":138,"column":32}},"loc":{"start":{"line":138,"column":50},"end":{"line":155,"column":1}}}},"branchMap":{},"s":{"0":2,"1":2,"2":1,"3":1,"4":1,"5":1,"6":1,"7":1,"8":1,"9":1,"10":1,"11":1,"12":1,"13":1,"14":0,"15":0,"16":0,"17":0,"18":0,"19":1,"20":1,"21":0,"22":1,"23":2,"24":2},"f":{"0":1,"1":1,"2":1,"3":1,"4":1,"5":1,"6":0,"7":1},"b":{}}
,"/Users/thomas.mckee/lottosyndicatemanager/server/src/services/reviews.ts": {"path":"/Users/thomas.mckee/lottosyndicatemanager/server/src/services/reviews.ts","statementMap":{"0":{"start":{"line":2,"column":0},"end":{"line":2,"column":38}},"1":{"start":{"line":10,"column":4},"end":{"line":34,"column":null}},"2":{"start":{"line":11,"column":6},"end":{"line":30,"column":9}},"3":{"start":{"line":33,"column":6},"end":{"line":33,"column":59}},"4":{"start":{"line":35,"column":40},"end":{"line":60,"column":3}},"5":{"start":{"line":48,"column":13},"end":{"line":60,"column":2}},"6":{"start":{"line":62,"column":4},"end":{"line":62,"column":38}},"7":{"start":{"line":63,"column":4},"end":{"line":63,"column":27}},"8":{"start":{"line":67,"column":2},"end":{"line":86,"column":null}},"9":{"start":{"line":70,"column":21},"end":{"line":81,"column":4}},"10":{"start":{"line":82,"column":4},"end":{"line":82,"column":35}},"11":{"start":{"line":84,"column":4},"end":{"line":84,"column":23}},"12":{"start":{"line":85,"column":4},"end":{"line":85,"column":40}},"13":{"start":{"line":90,"column":4},"end":{"line":103,"column":null}},"14":{"start":{"line":92,"column":28},"end":{"line":96,"column":8}},"15":{"start":{"line":98,"column":6},"end":{"line":98,"column":27}},"16":{"start":{"line":101,"column":6},"end":{"line":101,"column":27}},"17":{"start":{"line":102,"column":6},"end":{"line":102,"column":18}},"18":{"start":{"line":106,"column":25},"end":{"line":106,"column":94}},"19":{"start":{"line":107,"column":7},"end":{"line":107,"column":21}}},"fnMap":{"0":{"name":"getreviewsBySyndicateId","decl":{"start":{"line":7,"column":15},"end":{"line":7,"column":38}},"loc":{"start":{"line":7,"column":58},"end":{"line":64,"column":3}}},"1":{"name":"(anonymous_1)","decl":{"start":{"line":36,"column":6},"end":{"line":36,"column":7}},"loc":{"start":{"line":48,"column":13},"end":{"line":60,"column":2}}},"2":{"name":"createReviewInSyndicate","decl":{"start":{"line":66,"column":15},"end":{"line":66,"column":38}},"loc":{"start":{"line":66,"column":50},"end":{"line":87,"column":1}}},"3":{"name":"deleteReviewsById","decl":{"start":{"line":89,"column":15},"end":{"line":89,"column":32}},"loc":{"start":{"line":89,"column":41},"end":{"line":104,"column":3}}}},"branchMap":{},"s":{"0":3,"1":1,"2":1,"3":0,"4":1,"5":1,"6":1,"7":1,"8":2,"9":2,"10":2,"11":0,"12":0,"13":1,"14":1,"15":1,"16":0,"17":0,"18":3,"19":3},"f":{"0":1,"1":1,"2":2,"3":1},"b":{}}
,"/Users/thomas.mckee/lottosyndicatemanager/server/src/services/syndicates.ts": {"path":"/Users/thomas.mckee/lottosyndicatemanager/server/src/services/syndicates.ts","statementMap":{"0":{"start":{"line":2,"column":0},"end":{"line":2,"column":38}},"1":{"start":{"line":5,"column":15},"end":{"line":53,"column":1}},"2":{"start":{"line":6,"column":26},"end":{"line":22,"column":6}},"3":{"start":{"line":23,"column":44},"end":{"line":47,"column":null}},"4":{"start":{"line":36,"column":13},"end":{"line":47,"column":3}},"5":{"start":{"line":50,"column":31},"end":{"line":50,"column":101}},"6":{"start":{"line":50,"column":72},"end":{"line":50,"column":100}},"7":{"start":{"line":51,"column":4},"end":{"line":51,"column":30}},"8":{"start":{"line":55,"column":27},"end":{"line":109,"column":1}},"9":{"start":{"line":57,"column":27},"end":{"line":78,"column":4}},"10":{"start":{"line":79,"column":42},"end":{"line":103,"column":null}},"11":{"start":{"line":92,"column":11},"end":{"line":103,"column":3}},"12":{"start":{"line":106,"column":29},"end":{"line":106,"column":99}},"13":{"start":{"line":106,"column":70},"end":{"line":106,"column":98}},"14":{"start":{"line":107,"column":2},"end":{"line":107,"column":28}},"15":{"start":{"line":113,"column":25},"end":{"line":154,"column":2}},"16":{"start":{"line":116,"column":26},"end":{"line":134,"column":5}},"17":{"start":{"line":136,"column":4},"end":{"line":138,"column":null}},"18":{"start":{"line":137,"column":5},"end":{"line":137,"column":17}},"19":{"start":{"line":140,"column":37},"end":{"line":152,"column":5}},"20":{"start":{"line":153,"column":3},"end":{"line":153,"column":24}},"21":{"start":{"line":158,"column":2},"end":{"line":173,"column":null}},"22":{"start":{"line":159,"column":23},"end":{"line":168,"column":4}},"23":{"start":{"line":169,"column":4},"end":{"line":169,"column":27}},"24":{"start":{"line":171,"column":4},"end":{"line":171,"column":23}},"25":{"start":{"line":172,"column":4},"end":{"line":172,"column":43}},"26":{"start":{"line":180,"column":2},"end":{"line":193,"column":null}},"27":{"start":{"line":181,"column":4},"end":{"line":190,"column":7}},"28":{"start":{"line":192,"column":4},"end":{"line":192,"column":23}},"29":{"start":{"line":194,"column":2},"end":{"line":194,"column":25}},"30":{"start":{"line":201,"column":4},"end":{"line":215,"column":null}},"31":{"start":{"line":202,"column":6},"end":{"line":212,"column":9}},"32":{"start":{"line":214,"column":6},"end":{"line":214,"column":25}},"33":{"start":{"line":216,"column":4},"end":{"line":216,"column":28}},"34":{"start":{"line":218,"column":27},"end":{"line":218,"column":133}},"35":{"start":{"line":219,"column":10},"end":{"line":219,"column":26}}},"fnMap":{"0":{"name":"(anonymous_0)","decl":{"start":{"line":5,"column":15},"end":{"line":5,"column":20}},"loc":{"start":{"line":5,"column":26},"end":{"line":53,"column":1}}},"1":{"name":"(anonymous_1)","decl":{"start":{"line":24,"column":6},"end":{"line":24,"column":7}},"loc":{"start":{"line":36,"column":13},"end":{"line":47,"column":3}}},"2":{"name":"(anonymous_2)","decl":{"start":{"line":50,"column":57},"end":{"line":50,"column":58}},"loc":{"start":{"line":50,"column":72},"end":{"line":50,"column":100}}},"3":{"name":"(anonymous_3)","decl":{"start":{"line":55,"column":27},"end":{"line":55,"column":32}},"loc":{"start":{"line":55,"column":48},"end":{"line":109,"column":1}}},"4":{"name":"(anonymous_4)","decl":{"start":{"line":80,"column":4},"end":{"line":80,"column":5}},"loc":{"start":{"line":92,"column":11},"end":{"line":103,"column":3}}},"5":{"name":"(anonymous_5)","decl":{"start":{"line":106,"column":55},"end":{"line":106,"column":56}},"loc":{"start":{"line":106,"column":70},"end":{"line":106,"column":98}}},"6":{"name":"(anonymous_6)","decl":{"start":{"line":113,"column":25},"end":{"line":113,"column":30}},"loc":{"start":{"line":113,"column":55},"end":{"line":154,"column":2}}},"7":{"name":"createSyndicate","decl":{"start":{"line":157,"column":15},"end":{"line":157,"column":30}},"loc":{"start":{"line":157,"column":45},"end":{"line":174,"column":1}}},"8":{"name":"updateSyndicateDetails","decl":{"start":{"line":178,"column":15},"end":{"line":178,"column":37}},"loc":{"start":{"line":178,"column":52},"end":{"line":195,"column":1}}},"9":{"name":"deleteSyndicateById","decl":{"start":{"line":199,"column":17},"end":{"line":199,"column":36}},"loc":{"start":{"line":199,"column":56},"end":{"line":217,"column":3}}}},"branchMap":{"0":{"loc":{"start":{"line":136,"column":4},"end":{"line":138,"column":null}},"type":"if","locations":[{"start":{"line":136,"column":4},"end":{"line":138,"column":null}}]},"1":{"loc":{"start":{"line":142,"column":16},"end":{"line":142,"column":50}},"type":"binary-expr","locations":[{"start":{"line":142,"column":16},"end":{"line":142,"column":44}},{"start":{"line":142,"column":48},"end":{"line":142,"column":50}}]},"2":{"loc":{"start":{"line":143,"column":9},"end":{"line":143,"column":33}},"type":"binary-expr","locations":[{"start":{"line":143,"column":9},"end":{"line":143,"column":29}},{"start":{"line":143,"column":31},"end":{"line":143,"column":33}}]},"3":{"loc":{"start":{"line":144,"column":16},"end":{"line":144,"column":47}},"type":"binary-expr","locations":[{"start":{"line":144,"column":16},"end":{"line":144,"column":43}},{"start":{"line":144,"column":45},"end":{"line":144,"column":47}}]},"4":{"loc":{"start":{"line":145,"column":10},"end":{"line":145,"column":36}},"type":"binary-expr","locations":[{"start":{"line":145,"column":10},"end":{"line":145,"column":32}},{"start":{"line":145,"column":34},"end":{"line":145,"column":36}}]},"5":{"loc":{"start":{"line":149,"column":15},"end":{"line":149,"column":51}},"type":"binary-expr","locations":[{"start":{"line":149,"column":15},"end":{"line":149,"column":47}},{"start":{"line":149,"column":49},"end":{"line":149,"column":51}}]},"6":{"loc":{"start":{"line":150,"column":14},"end":{"line":150,"column":49}},"type":"binary-expr","locations":[{"start":{"line":150,"column":14},"end":{"line":150,"column":45}},{"start":{"line":150,"column":47},"end":{"line":150,"column":49}}]}},"s":{"0":2,"1":2,"2":1,"3":1,"4":1,"5":1,"6":1,"7":1,"8":2,"9":1,"10":1,"11":1,"12":1,"13":1,"14":1,"15":2,"16":1,"17":1,"18":0,"19":1,"20":1,"21":1,"22":1,"23":1,"24":0,"25":0,"26":1,"27":1,"28":0,"29":1,"30":1,"31":1,"32":0,"33":1,"34":2,"35":2},"f":{"0":1,"1":1,"2":1,"3":1,"4":1,"5":1,"6":1,"7":1,"8":1,"9":1},"b":{"0":[0],"1":[1,0],"2":[1,0],"3":[1,0],"4":[1,0],"5":[1,0],"6":[1,0]}}
,"/Users/thomas.mckee/lottosyndicatemanager/server/src/services/tickets.ts": {"path":"/Users/thomas.mckee/lottosyndicatemanager/server/src/services/tickets.ts","statementMap":{"0":{"start":{"line":1,"column":0},"end":{"line":1,"column":38}},"1":{"start":{"line":5,"column":15},"end":{"line":79,"column":1}},"2":{"start":{"line":6,"column":23},"end":{"line":45,"column":5}},"3":{"start":{"line":46,"column":38},"end":{"line":74,"column":6}},"4":{"start":{"line":46,"column":59},"end":{"line":74,"column":5}},"5":{"start":{"line":76,"column":26},"end":{"line":76,"column":120}},"6":{"start":{"line":76,"column":58},"end":{"line":76,"column":119}},"7":{"start":{"line":78,"column":2},"end":{"line":78,"column":25}},"8":{"start":{"line":85,"column":4},"end":{"line":166,"column":null}},"9":{"start":{"line":86,"column":6},"end":{"line":130,"column":9}},"10":{"start":{"line":131,"column":42},"end":{"line":159,"column":10}},"11":{"start":{"line":131,"column":68},"end":{"line":159,"column":9}},"12":{"start":{"line":161,"column":30},"end":{"line":161,"column":124}},"13":{"start":{"line":161,"column":62},"end":{"line":161,"column":123}},"14":{"start":{"line":163,"column":6},"end":{"line":163,"column":29}},"15":{"start":{"line":165,"column":6},"end":{"line":165,"column":null}},"16":{"start":{"line":171,"column":4},"end":{"line":186,"column":null}},"17":{"start":{"line":173,"column":21},"end":{"line":181,"column":6}},"18":{"start":{"line":182,"column":6},"end":{"line":182,"column":33}},"19":{"start":{"line":184,"column":6},"end":{"line":184,"column":25}},"20":{"start":{"line":185,"column":6},"end":{"line":185,"column":40}},"21":{"start":{"line":192,"column":4},"end":{"line":205,"column":null}},"22":{"start":{"line":193,"column":6},"end":{"line":202,"column":9}},"23":{"start":{"line":204,"column":6},"end":{"line":204,"column":25}},"24":{"start":{"line":206,"column":4},"end":{"line":206,"column":24}},"25":{"start":{"line":210,"column":4},"end":{"line":224,"column":null}},"26":{"start":{"line":213,"column":28},"end":{"line":217,"column":8}},"27":{"start":{"line":219,"column":6},"end":{"line":219,"column":27}},"28":{"start":{"line":222,"column":6},"end":{"line":222,"column":27}},"29":{"start":{"line":223,"column":6},"end":{"line":223,"column":18}},"30":{"start":{"line":228,"column":24},"end":{"line":228,"column":105}},"31":{"start":{"line":229,"column":10},"end":{"line":229,"column":23}}},"fnMap":{"0":{"name":"(anonymous_0)","decl":{"start":{"line":5,"column":15},"end":{"line":5,"column":20}},"loc":{"start":{"line":5,"column":26},"end":{"line":79,"column":1}}},"1":{"name":"(anonymous_1)","decl":{"start":{"line":46,"column":53},"end":{"line":46,"column":54}},"loc":{"start":{"line":46,"column":59},"end":{"line":74,"column":5}}},"2":{"name":"(anonymous_2)","decl":{"start":{"line":76,"column":48},"end":{"line":76,"column":54}},"loc":{"start":{"line":76,"column":58},"end":{"line":76,"column":119}}},"3":{"name":"ticketsByGameId","decl":{"start":{"line":82,"column":17},"end":{"line":82,"column":32}},"loc":{"start":{"line":82,"column":47},"end":{"line":167,"column":3}}},"4":{"name":"(anonymous_4)","decl":{"start":{"line":131,"column":62},"end":{"line":131,"column":63}},"loc":{"start":{"line":131,"column":68},"end":{"line":159,"column":9}}},"5":{"name":"(anonymous_5)","decl":{"start":{"line":161,"column":52},"end":{"line":161,"column":58}},"loc":{"start":{"line":161,"column":62},"end":{"line":161,"column":123}}},"6":{"name":"createTicketsByGameId","decl":{"start":{"line":170,"column":17},"end":{"line":170,"column":38}},"loc":{"start":{"line":170,"column":50},"end":{"line":187,"column":3}}},"7":{"name":"updateTickets","decl":{"start":{"line":190,"column":17},"end":{"line":190,"column":30}},"loc":{"start":{"line":190,"column":42},"end":{"line":207,"column":3}}},"8":{"name":"deleteTicketsById","decl":{"start":{"line":209,"column":17},"end":{"line":209,"column":34}},"loc":{"start":{"line":209,"column":43},"end":{"line":225,"column":3}}}},"branchMap":{},"s":{"0":2,"1":2,"2":1,"3":1,"4":1,"5":1,"6":1,"7":1,"8":1,"9":1,"10":1,"11":1,"12":1,"13":1,"14":1,"15":0,"16":0,"17":0,"18":0,"19":0,"20":0,"21":1,"22":1,"23":0,"24":1,"25":1,"26":1,"27":1,"28":0,"29":0,"30":2,"31":2},"f":{"0":1,"1":1,"2":1,"3":1,"4":1,"5":1,"6":0,"7":1,"8":1},"b":{}}
,"/Users/thomas.mckee/lottosyndicatemanager/server/src/services/userGames.ts": {"path":"/Users/thomas.mckee/lottosyndicatemanager/server/src/services/userGames.ts","statementMap":{"0":{"start":{"line":2,"column":0},"end":{"line":2,"column":41}},"1":{"start":{"line":4,"column":15},"end":{"line":85,"column":1}},"2":{"start":{"line":5,"column":21},"end":{"line":48,"column":4}},"3":{"start":{"line":50,"column":42},"end":{"line":82,"column":5}},"4":{"start":{"line":50,"column":67},"end":{"line":82,"column":4}},"5":{"start":{"line":84,"column":2},"end":{"line":84,"column":27}},"6":{"start":{"line":92,"column":30},"end":{"line":174,"column":1}},"7":{"start":{"line":93,"column":21},"end":{"line":137,"column":4}},"8":{"start":{"line":139,"column":42},"end":{"line":171,"column":5}},"9":{"start":{"line":139,"column":67},"end":{"line":171,"column":4}},"10":{"start":{"line":173,"column":2},"end":{"line":173,"column":27}},"11":{"start":{"line":181,"column":25},"end":{"line":263,"column":1}},"12":{"start":{"line":182,"column":21},"end":{"line":226,"column":4}},"13":{"start":{"line":228,"column":42},"end":{"line":260,"column":5}},"14":{"start":{"line":228,"column":67},"end":{"line":260,"column":4}},"15":{"start":{"line":262,"column":2},"end":{"line":262,"column":27}},"16":{"start":{"line":267,"column":4},"end":{"line":311,"column":7}},"17":{"start":{"line":313,"column":44},"end":{"line":345,"column":7}},"18":{"start":{"line":313,"column":70},"end":{"line":345,"column":6}},"19":{"start":{"line":347,"column":4},"end":{"line":347,"column":29}},"20":{"start":{"line":351,"column":2},"end":{"line":370,"column":null}},"21":{"start":{"line":355,"column":22},"end":{"line":364,"column":4}},"22":{"start":{"line":365,"column":2},"end":{"line":365,"column":null}},"23":{"start":{"line":366,"column":4},"end":{"line":366,"column":34}},"24":{"start":{"line":368,"column":4},"end":{"line":368,"column":23}},"25":{"start":{"line":369,"column":4},"end":{"line":369,"column":38}},"26":{"start":{"line":375,"column":2},"end":{"line":388,"column":null}},"27":{"start":{"line":376,"column":4},"end":{"line":385,"column":7}},"28":{"start":{"line":387,"column":4},"end":{"line":387,"column":23}},"29":{"start":{"line":389,"column":2},"end":{"line":389,"column":30}},"30":{"start":{"line":393,"column":24},"end":{"line":393,"column":123}},"31":{"start":{"line":394,"column":0},"end":{"line":394,"column":null}}},"fnMap":{"0":{"name":"(anonymous_0)","decl":{"start":{"line":4,"column":15},"end":{"line":4,"column":20}},"loc":{"start":{"line":4,"column":26},"end":{"line":85,"column":1}}},"1":{"name":"(anonymous_1)","decl":{"start":{"line":50,"column":59},"end":{"line":50,"column":60}},"loc":{"start":{"line":50,"column":67},"end":{"line":82,"column":4}}},"2":{"name":"(anonymous_2)","decl":{"start":{"line":92,"column":30},"end":{"line":92,"column":35}},"loc":{"start":{"line":92,"column":52},"end":{"line":174,"column":1}}},"3":{"name":"(anonymous_3)","decl":{"start":{"line":139,"column":59},"end":{"line":139,"column":60}},"loc":{"start":{"line":139,"column":67},"end":{"line":171,"column":4}}},"4":{"name":"(anonymous_4)","decl":{"start":{"line":181,"column":25},"end":{"line":181,"column":30}},"loc":{"start":{"line":181,"column":42},"end":{"line":263,"column":1}}},"5":{"name":"(anonymous_5)","decl":{"start":{"line":228,"column":59},"end":{"line":228,"column":60}},"loc":{"start":{"line":228,"column":67},"end":{"line":260,"column":4}}},"6":{"name":"getGamesByGameId","decl":{"start":{"line":264,"column":15},"end":{"line":264,"column":31}},"loc":{"start":{"line":264,"column":46},"end":{"line":348,"column":3}}},"7":{"name":"(anonymous_7)","decl":{"start":{"line":313,"column":62},"end":{"line":313,"column":63}},"loc":{"start":{"line":313,"column":70},"end":{"line":345,"column":6}}},"8":{"name":"createUserGame","decl":{"start":{"line":350,"column":15},"end":{"line":350,"column":29}},"loc":{"start":{"line":350,"column":43},"end":{"line":371,"column":1}}},"9":{"name":"updateUserGame","decl":{"start":{"line":373,"column":15},"end":{"line":373,"column":29}},"loc":{"start":{"line":373,"column":43},"end":{"line":390,"column":1}}}},"branchMap":{},"s":{"0":1,"1":1,"2":1,"3":1,"4":1,"5":1,"6":1,"7":1,"8":1,"9":1,"10":1,"11":1,"12":1,"13":1,"14":1,"15":1,"16":1,"17":1,"18":1,"19":1,"20":1,"21":1,"22":1,"23":1,"24":0,"25":0,"26":0,"27":0,"28":0,"29":0,"30":1,"31":1},"f":{"0":1,"1":1,"2":1,"3":1,"4":1,"5":1,"6":1,"7":1,"8":1,"9":0},"b":{}}
,"/Users/thomas.mckee/lottosyndicatemanager/server/src/services/userSyndicates.ts": {"path":"/Users/thomas.mckee/lottosyndicatemanager/server/src/services/userSyndicates.ts","statementMap":{"0":{"start":{"line":2,"column":0},"end":{"line":2,"column":38}},"1":{"start":{"line":4,"column":41},"end":{"line":22,"column":3}},"2":{"start":{"line":5,"column":42},"end":{"line":9,"column":6}},"3":{"start":{"line":10,"column":26},"end":{"line":17,"column":9}},"4":{"start":{"line":18,"column":4},"end":{"line":20,"column":null}},"5":{"start":{"line":19,"column":6},"end":{"line":19,"column":18}},"6":{"start":{"line":21,"column":4},"end":{"line":21,"column":null}},"7":{"start":{"line":25,"column":40},"end":{"line":110,"column":4}},"8":{"start":{"line":27,"column":32},"end":{"line":58,"column":7}},"9":{"start":{"line":60,"column":37},"end":{"line":99,"column":null}},"10":{"start":{"line":80,"column":15},"end":{"line":99,"column":10}},"11":{"start":{"line":104,"column":6},"end":{"line":106,"column":null}},"12":{"start":{"line":105,"column":7},"end":{"line":105,"column":19}},"13":{"start":{"line":109,"column":5},"end":{"line":109,"column":18}},"14":{"start":{"line":115,"column":4},"end":{"line":131,"column":null}},"15":{"start":{"line":119,"column":29},"end":{"line":126,"column":6}},"16":{"start":{"line":127,"column":6},"end":{"line":127,"column":41}},"17":{"start":{"line":129,"column":6},"end":{"line":129,"column":25}},"18":{"start":{"line":130,"column":6},"end":{"line":130,"column":40}},"19":{"start":{"line":138,"column":4},"end":{"line":177,"column":null}},"20":{"start":{"line":139,"column":6},"end":{"line":173,"column":8}},"21":{"start":{"line":176,"column":6},"end":{"line":176,"column":59}},"22":{"start":{"line":178,"column":36},"end":{"line":217,"column":null}},"23":{"start":{"line":198,"column":15},"end":{"line":217,"column":10}},"24":{"start":{"line":222,"column":6},"end":{"line":224,"column":null}},"25":{"start":{"line":223,"column":7},"end":{"line":223,"column":19}},"26":{"start":{"line":228,"column":26},"end":{"line":228,"column":141}},"27":{"start":{"line":228,"column":55},"end":{"line":228,"column":140}},"28":{"start":{"line":230,"column":4},"end":{"line":230,"column":25}},"29":{"start":{"line":236,"column":4},"end":{"line":247,"column":null}},"30":{"start":{"line":237,"column":6},"end":{"line":244,"column":9}},"31":{"start":{"line":246,"column":6},"end":{"line":246,"column":25}},"32":{"start":{"line":248,"column":4},"end":{"line":248,"column":32}},"33":{"start":{"line":252,"column":4},"end":{"line":265,"column":null}},"34":{"start":{"line":254,"column":35},"end":{"line":258,"column":8}},"35":{"start":{"line":260,"column":6},"end":{"line":260,"column":34}},"36":{"start":{"line":263,"column":6},"end":{"line":263,"column":27}},"37":{"start":{"line":264,"column":6},"end":{"line":264,"column":18}},"38":{"start":{"line":268,"column":29},"end":{"line":268,"column":191}},"39":{"start":{"line":269,"column":8},"end":{"line":269,"column":28}}},"fnMap":{"0":{"name":"(anonymous_0)","decl":{"start":{"line":4,"column":41},"end":{"line":4,"column":46}},"loc":{"start":{"line":4,"column":74},"end":{"line":22,"column":3}}},"1":{"name":"(anonymous_1)","decl":{"start":{"line":25,"column":40},"end":{"line":25,"column":45}},"loc":{"start":{"line":25,"column":70},"end":{"line":110,"column":4}}},"2":{"name":"(anonymous_2)","decl":{"start":{"line":61,"column":8},"end":{"line":61,"column":9}},"loc":{"start":{"line":80,"column":15},"end":{"line":99,"column":10}}},"3":{"name":"createUserSyndicate","decl":{"start":{"line":114,"column":15},"end":{"line":114,"column":34}},"loc":{"start":{"line":114,"column":53},"end":{"line":132,"column":3}}},"4":{"name":"getSyndicatesByUserId","decl":{"start":{"line":135,"column":15},"end":{"line":135,"column":36}},"loc":{"start":{"line":135,"column":51},"end":{"line":232,"column":3}}},"5":{"name":"(anonymous_5)","decl":{"start":{"line":179,"column":8},"end":{"line":179,"column":9}},"loc":{"start":{"line":198,"column":15},"end":{"line":217,"column":10}}},"6":{"name":"(anonymous_6)","decl":{"start":{"line":228,"column":40},"end":{"line":228,"column":41}},"loc":{"start":{"line":228,"column":55},"end":{"line":228,"column":140}}},"7":{"name":"updateUserSyndicateDetails","decl":{"start":{"line":234,"column":17},"end":{"line":234,"column":43}},"loc":{"start":{"line":234,"column":62},"end":{"line":249,"column":3}}},"8":{"name":"deleteUserSyndicateById","decl":{"start":{"line":251,"column":17},"end":{"line":251,"column":40}},"loc":{"start":{"line":251,"column":64},"end":{"line":266,"column":3}}}},"branchMap":{"0":{"loc":{"start":{"line":18,"column":4},"end":{"line":20,"column":null}},"type":"if","locations":[{"start":{"line":18,"column":4},"end":{"line":20,"column":null}}]},"1":{"loc":{"start":{"line":104,"column":6},"end":{"line":106,"column":null}},"type":"if","locations":[{"start":{"line":104,"column":6},"end":{"line":106,"column":null}}]},"2":{"loc":{"start":{"line":222,"column":6},"end":{"line":224,"column":null}},"type":"if","locations":[{"start":{"line":222,"column":6},"end":{"line":224,"column":null}}]},"3":{"loc":{"start":{"line":228,"column":55},"end":{"line":228,"column":140}},"type":"binary-expr","locations":[{"start":{"line":228,"column":55},"end":{"line":228,"column":97}},{"start":{"line":228,"column":101},"end":{"line":228,"column":140}}]}},"s":{"0":2,"1":2,"2":1,"3":1,"4":1,"5":0,"6":1,"7":2,"8":1,"9":1,"10":1,"11":1,"12":0,"13":1,"14":1,"15":1,"16":1,"17":0,"18":0,"19":1,"20":1,"21":0,"22":1,"23":1,"24":1,"25":0,"26":1,"27":1,"28":1,"29":1,"30":1,"31":0,"32":1,"33":1,"34":1,"35":1,"36":0,"37":0,"38":2,"39":2},"f":{"0":1,"1":1,"2":1,"3":1,"4":1,"5":1,"6":1,"7":1,"8":1},"b":{"0":[0],"1":[0],"2":[0],"3":[1,0]}}
,"/Users/thomas.mckee/lottosyndicatemanager/server/src/services/users.ts": {"path":"/Users/thomas.mckee/lottosyndicatemanager/server/src/services/users.ts","statementMap":{"0":{"start":{"line":2,"column":0},"end":{"line":2,"column":38}},"1":{"start":{"line":3,"column":0},"end":{"line":3,"column":27}},"2":{"start":{"line":5,"column":15},"end":{"line":30,"column":1}},"3":{"start":{"line":6,"column":17},"end":{"line":15,"column":4}},"4":{"start":{"line":16,"column":2},"end":{"line":18,"column":null}},"5":{"start":{"line":17,"column":4},"end":{"line":17,"column":null}},"6":{"start":{"line":19,"column":29},"end":{"line":28,"column":7}},"7":{"start":{"line":20,"column":22},"end":{"line":20,"column":55}},"8":{"start":{"line":21,"column":17},"end":{"line":28,"column":6}},"9":{"start":{"line":29,"column":2},"end":{"line":29,"column":21}},"10":{"start":{"line":34,"column":22},"end":{"line":66,"column":3}},"11":{"start":{"line":37,"column":22},"end":{"line":48,"column":6}},"12":{"start":{"line":49,"column":4},"end":{"line":51,"column":null}},"13":{"start":{"line":50,"column":6},"end":{"line":50,"column":18}},"14":{"start":{"line":52,"column":33},"end":{"line":59,"column":6}},"15":{"start":{"line":60,"column":4},"end":{"line":62,"column":null}},"16":{"start":{"line":61,"column":6},"end":{"line":61,"column":18}},"17":{"start":{"line":65,"column":4},"end":{"line":65,"column":25}},"18":{"start":{"line":72,"column":4},"end":{"line":91,"column":null}},"19":{"start":{"line":73,"column":17},"end":{"line":73,"column":39}},"20":{"start":{"line":75,"column":27},"end":{"line":75,"column":65}},"21":{"start":{"line":77,"column":20},"end":{"line":86,"column":6}},"22":{"start":{"line":87,"column":6},"end":{"line":87,"column":27}},"23":{"start":{"line":89,"column":6},"end":{"line":89,"column":25}},"24":{"start":{"line":90,"column":6},"end":{"line":90,"column":40}},"25":{"start":{"line":99,"column":4},"end":{"line":113,"column":null}},"26":{"start":{"line":100,"column":6},"end":{"line":110,"column":9}},"27":{"start":{"line":112,"column":6},"end":{"line":112,"column":25}},"28":{"start":{"line":114,"column":4},"end":{"line":114,"column":22}},"29":{"start":{"line":118,"column":21},"end":{"line":155,"column":4}},"30":{"start":{"line":119,"column":18},"end":{"line":140,"column":6}},"31":{"start":{"line":141,"column":33},"end":{"line":148,"column":7}},"32":{"start":{"line":149,"column":5},"end":{"line":151,"column":null}},"33":{"start":{"line":150,"column":7},"end":{"line":150,"column":19}},"34":{"start":{"line":154,"column":5},"end":{"line":154,"column":26}},"35":{"start":{"line":159,"column":4},"end":{"line":170,"column":null}},"36":{"start":{"line":160,"column":6},"end":{"line":167,"column":9}},"37":{"start":{"line":169,"column":6},"end":{"line":169,"column":null}},"38":{"start":{"line":171,"column":4},"end":{"line":171,"column":null}},"39":{"start":{"line":175,"column":4},"end":{"line":189,"column":null}},"40":{"start":{"line":176,"column":6},"end":{"line":186,"column":9}},"41":{"start":{"line":188,"column":6},"end":{"line":188,"column":25}},"42":{"start":{"line":190,"column":4},"end":{"line":190,"column":23}},"43":{"start":{"line":194,"column":22},"end":{"line":194,"column":114}},"44":{"start":{"line":195,"column":10},"end":{"line":195,"column":21}}},"fnMap":{"0":{"name":"(anonymous_1)","decl":{"start":{"line":5,"column":15},"end":{"line":5,"column":20}},"loc":{"start":{"line":5,"column":26},"end":{"line":30,"column":1}}},"1":{"name":"(anonymous_2)","decl":{"start":{"line":20,"column":12},"end":{"line":20,"column":13}},"loc":{"start":{"line":20,"column":22},"end":{"line":20,"column":55}}},"2":{"name":"(anonymous_3)","decl":{"start":{"line":21,"column":9},"end":{"line":21,"column":10}},"loc":{"start":{"line":21,"column":17},"end":{"line":28,"column":6}}},"3":{"name":"(anonymous_4)","decl":{"start":{"line":34,"column":22},"end":{"line":34,"column":27}},"loc":{"start":{"line":34,"column":47},"end":{"line":66,"column":3}}},"4":{"name":"createUser","decl":{"start":{"line":71,"column":17},"end":{"line":71,"column":27}},"loc":{"start":{"line":71,"column":37},"end":{"line":92,"column":3}}},"5":{"name":"updateUserDetails","decl":{"start":{"line":97,"column":17},"end":{"line":97,"column":34}},"loc":{"start":{"line":97,"column":44},"end":{"line":115,"column":3}}},"6":{"name":"(anonymous_7)","decl":{"start":{"line":118,"column":21},"end":{"line":118,"column":26}},"loc":{"start":{"line":118,"column":45},"end":{"line":155,"column":4}}},"7":{"name":"depositMoney","decl":{"start":{"line":157,"column":17},"end":{"line":157,"column":29}},"loc":{"start":{"line":157,"column":38},"end":{"line":172,"column":3}}},"8":{"name":"deleteUserById","decl":{"start":{"line":173,"column":17},"end":{"line":173,"column":31}},"loc":{"start":{"line":173,"column":46},"end":{"line":191,"column":3}}}},"branchMap":{"0":{"loc":{"start":{"line":16,"column":2},"end":{"line":18,"column":null}},"type":"if","locations":[{"start":{"line":16,"column":2},"end":{"line":18,"column":null}}]},"1":{"loc":{"start":{"line":49,"column":4},"end":{"line":51,"column":null}},"type":"if","locations":[{"start":{"line":49,"column":4},"end":{"line":51,"column":null}}]},"2":{"loc":{"start":{"line":60,"column":4},"end":{"line":62,"column":null}},"type":"if","locations":[{"start":{"line":60,"column":4},"end":{"line":62,"column":null}}]},"3":{"loc":{"start":{"line":149,"column":5},"end":{"line":151,"column":null}},"type":"if","locations":[{"start":{"line":149,"column":5},"end":{"line":151,"column":null}}]}},"s":{"0":3,"1":3,"2":3,"3":1,"4":1,"5":0,"6":1,"7":1,"8":1,"9":1,"10":3,"11":1,"12":1,"13":0,"14":1,"15":1,"16":0,"17":1,"18":0,"19":0,"20":0,"21":0,"22":0,"23":0,"24":0,"25":1,"26":1,"27":0,"28":1,"29":3,"30":1,"31":1,"32":1,"33":0,"34":1,"35":0,"36":0,"37":0,"38":0,"39":1,"40":1,"41":0,"42":1,"43":3,"44":3},"f":{"0":1,"1":1,"2":1,"3":1,"4":0,"5":1,"6":1,"7":0,"8":1},"b":{"0":[0],"1":[0],"2":[0],"3":[0]}}
,"/Users/thomas.mckee/lottosyndicatemanager/server/src/test-utils/prisma.ts": {"path":"/Users/thomas.mckee/lottosyndicatemanager/server/src/test-utils/prisma.ts","statementMap":{"0":{"start":{"line":1,"column":0},"end":{"line":1,"column":41}},"1":{"start":{"line":3,"column":20},"end":{"line":3,"column":33}},"2":{"start":{"line":5,"column":9},"end":{"line":5,"column":20}}},"fnMap":{},"branchMap":{},"s":{"0":10,"1":10,"2":10},"f":{},"b":{}}
,"/Users/thomas.mckee/lottosyndicatemanager/server/src/utils/prisma.ts": {"path":"/Users/thomas.mckee/lottosyndicatemanager/server/src/utils/prisma.ts","statementMap":{"0":{"start":{"line":1,"column":0},"end":{"line":1,"column":46}},"1":{"start":{"line":3,"column":15},"end":{"line":3,"column":33}},"2":{"start":{"line":5,"column":9},"end":{"line":5,"column":15}}},"fnMap":{},"branchMap":{},"s":{"0":18,"1":18,"2":18},"f":{},"b":{}}
}
