TN:
SF:src/controllers/games.ts
FN:5,(anonymous_0)
FN:10,(anonymous_1)
FN:16,(anonymous_2)
FN:25,createGames
FN:39,getGamesBySyndicateId
FN:53,getGamesByTypeId
FN:68,UpdateGame
FN:82,archiveGame
FNF:8
FNH:1
FNDA:1,(anonymous_0)
FNDA:0,(anonymous_1)
FNDA:0,(anonymous_2)
FNDA:0,createGames
FNDA:0,getGamesBySyndicateId
FNDA:0,getGamesByTypeId
FNDA:0,UpdateGame
FNDA:0,archiveGame
DA:2,1
DA:5,1
DA:6,1
DA:7,1
DA:10,1
DA:11,0
DA:12,0
DA:13,0
DA:16,1
DA:17,0
DA:18,0
DA:19,0
DA:20,0
DA:22,0
DA:26,0
DA:27,0
DA:33,0
DA:34,0
DA:36,0
DA:40,0
DA:41,0
DA:42,0
DA:43,0
DA:44,0
DA:45,0
DA:48,0
DA:50,0
DA:54,0
DA:55,0
DA:56,0
DA:57,0
DA:58,0
DA:59,0
DA:62,0
DA:64,0
DA:69,0
DA:70,0
DA:76,0
DA:77,0
DA:79,0
DA:83,0
DA:84,0
DA:88,0
DA:89,0
DA:91,0
DA:95,1
DA:105,1
LF:47
LH:8
BRDA:7,0,0,0
BRDA:7,0,1,1
BRDA:13,1,0,0
BRDA:13,1,1,0
BRDA:19,2,0,0
BRDA:44,3,0,0
BRDA:58,4,0,0
BRF:7
BRH:1
end_of_record
TN:
SF:src/controllers/messages.ts
FN:5,(anonymous_0)
FN:9,getMessagesByBoardsId
FN:24,createNewMessageInBoard
FN:40,createNewGameMessageInBoard
FN:56,deleteMessageById
FNF:5
FNH:3
FNDA:1,(anonymous_0)
FNDA:3,getMessagesByBoardsId
FNDA:1,createNewMessageInBoard
FNDA:0,createNewGameMessageInBoard
FNDA:0,deleteMessageById
DA:2,1
DA:5,1
DA:6,1
DA:7,1
DA:10,3
DA:12,3
DA:13,3
DA:14,1
DA:16,2
DA:18,1
DA:21,1
DA:25,1
DA:26,1
DA:34,1
DA:35,1
DA:37,0
DA:41,0
DA:42,0
DA:44,0
DA:45,0
DA:49,0
DA:50,0
DA:57,0
DA:60,0
DA:61,0
DA:62,0
DA:63,0
DA:65,0
DA:67,1
DA:68,1
LF:30
LH:17
BRDA:7,0,0,0
BRDA:7,0,1,1
BRDA:13,1,0,1
BRDA:44,2,0,0
BRDA:62,3,0,0
BRF:5
BRH:2
end_of_record
TN:
SF:src/controllers/reviews.ts
FN:4,getReviewsBySyndicateId
FN:19,createNewReviewOnSyndicate
FN:36,deleteReviewById
FNF:3
FNH:2
FNDA:3,getReviewsBySyndicateId
FNDA:1,createNewReviewOnSyndicate
FNDA:0,deleteReviewById
DA:2,1
DA:5,3
DA:6,3
DA:7,3
DA:8,2
DA:9,2
DA:10,1
DA:12,1
DA:15,1
DA:20,1
DA:21,1
DA:29,1
DA:30,1
DA:32,0
DA:37,0
DA:39,0
DA:40,0
DA:41,0
DA:43,0
DA:49,1
DA:50,1
LF:21
LH:15
BRDA:9,0,0,1
BRDA:40,1,0,0
BRF:2
BRH:1
end_of_record
TN:
SF:src/controllers/signup.ts
FN:4,createUser
FNF:1
FNH:1
FNDA:1,createUser
DA:2,1
DA:5,1
DA:6,1
DA:7,1
DA:8,1
DA:10,0
DA:14,1
DA:15,1
LF:8
LH:7
BRF:0
BRH:0
end_of_record
TN:
SF:src/controllers/syndicates.ts
FN:4,(anonymous_0)
FN:8,(anonymous_1)
FN:16,(anonymous_2)
FN:28,createSyndicate
FN:42,UpdateSyndicateDetails
FN:54,deleteSyndicateById
FN:67,(anonymous_6)
FNF:7
FNH:3
FNDA:1,(anonymous_0)
FNDA:0,(anonymous_1)
FNDA:0,(anonymous_2)
FNDA:1,createSyndicate
FNDA:2,UpdateSyndicateDetails
FNDA:0,deleteSyndicateById
FNDA:0,(anonymous_6)
DA:2,1
DA:4,1
DA:5,1
DA:6,1
DA:8,1
DA:9,0
DA:12,0
DA:13,0
DA:16,1
DA:17,0
DA:18,0
DA:19,0
DA:20,0
DA:22,0
DA:29,1
DA:30,1
DA:34,1
DA:35,1
DA:37,0
DA:43,2
DA:44,2
DA:45,2
DA:46,2
DA:47,2
DA:48,1
DA:50,1
DA:55,0
DA:58,0
DA:59,0
DA:60,0
DA:61,0
DA:63,0
DA:67,1
DA:68,0
DA:69,0
DA:70,0
DA:71,0
DA:73,0
DA:74,0
DA:77,0
DA:78,0
DA:80,0
DA:85,1
DA:86,1
LF:44
LH:20
BRDA:6,0,0,0
BRDA:6,0,1,1
BRDA:13,1,0,0
BRDA:13,1,1,0
BRDA:20,2,0,0
BRDA:20,2,1,0
BRDA:60,3,0,0
BRDA:73,4,0,0
BRF:8
BRH:1
end_of_record
TN:
SF:src/controllers/tickets.ts
FN:4,(anonymous_0)
FN:9,getTicketsByGameId
FN:28,createTickets
FN:48,updateTicketStatus
FN:65,deleteTicketById
FNF:5
FNH:3
FNDA:2,(anonymous_0)
FNDA:3,getTicketsByGameId
FNDA:0,createTickets
FNDA:1,updateTicketStatus
FNDA:0,deleteTicketById
DA:2,1
DA:4,1
DA:5,2
DA:6,2
DA:10,3
DA:11,3
DA:12,3
DA:13,3
DA:15,2
DA:16,1
DA:18,1
DA:23,1
DA:29,0
DA:30,0
DA:31,0
DA:39,0
DA:40,0
DA:42,0
DA:49,1
DA:52,1
DA:59,1
DA:60,1
DA:62,0
DA:66,0
DA:68,0
DA:69,0
DA:70,0
DA:72,0
DA:75,1
DA:76,1
LF:30
LH:18
BRDA:6,0,0,1
BRDA:6,0,1,1
BRDA:15,1,0,1
BRDA:69,2,0,0
BRF:4
BRH:3
end_of_record
TN:
SF:src/controllers/userSyndicate.ts
FN:3,(anonymous_0)
FN:9,(anonymous_1)
FN:15,getSyndicatesByUserId
FN:31,createUserSyndicate
FN:49,updateUserSyndicate
FN:64,deleteUserSyndicateById
FN:73,deleteUserSyndicateBySyndicateId
FNF:7
FNH:3
FNDA:0,(anonymous_0)
FNDA:2,(anonymous_1)
FNDA:3,getSyndicatesByUserId
FNDA:1,createUserSyndicate
FNDA:0,updateUserSyndicate
FNDA:0,deleteUserSyndicateById
FNDA:0,deleteUserSyndicateBySyndicateId
DA:2,1
DA:3,1
DA:4,0
DA:6,0
DA:7,0
DA:9,1
DA:10,2
DA:12,2
DA:13,2
DA:16,3
DA:17,3
DA:18,3
DA:19,2
DA:20,2
DA:21,1
DA:24,1
DA:28,1
DA:32,1
DA:33,1
DA:34,1
DA:43,1
DA:44,1
DA:46,0
DA:50,0
DA:51,0
DA:53,0
DA:54,0
DA:55,0
DA:56,0
DA:57,0
DA:59,0
DA:61,0
DA:65,0
DA:67,0
DA:68,0
DA:69,0
DA:71,0
DA:74,0
DA:75,0
DA:76,0
DA:77,0
DA:79,0
DA:81,1
DA:86,1
LF:44
LH:21
BRDA:7,0,0,0
BRDA:7,0,1,0
BRDA:13,1,0,1
BRDA:13,1,1,1
BRDA:20,2,0,1
BRDA:56,3,0,0
BRDA:56,3,1,0
BRDA:68,4,0,0
BRDA:76,5,0,0
BRF:9
BRH:3
end_of_record
TN:
SF:src/controllers/users.ts
FN:4,(anonymous_0)
FN:12,(anonymous_1)
FN:24,updateUserDetails
FN:35,updateBalance
FN:47,takePhoto
FN:60,deleteUserById
FNF:6
FNH:3
FNDA:1,(anonymous_0)
FNDA:2,(anonymous_1)
FNDA:2,updateUserDetails
FNDA:0,updateBalance
FNDA:0,takePhoto
FNDA:0,deleteUserById
DA:2,1
DA:4,1
DA:5,1
DA:6,1
DA:7,1
DA:9,0
DA:12,1
DA:13,2
DA:14,2
DA:15,2
DA:16,2
DA:18,0
DA:25,2
DA:26,2
DA:27,2
DA:28,2
DA:29,2
DA:30,1
DA:32,1
DA:36,0
DA:37,0
DA:38,0
DA:39,0
DA:40,0
DA:41,0
DA:43,0
DA:48,0
DA:49,0
DA:50,0
DA:52,0
DA:53,0
DA:54,0
DA:55,0
DA:57,0
DA:61,0
DA:62,0
DA:65,0
DA:66,0
DA:67,0
DA:68,0
DA:70,0
DA:72,0
DA:76,1
DA:77,1
LF:44
LH:19
BRDA:7,0,0,0
BRDA:7,0,1,1
BRDA:16,1,0,1
BRDA:16,1,1,1
BRDA:67,2,0,0
BRF:5
BRH:3
end_of_record
TN:
SF:src/services/boards.ts
FN:4,(anonymous_0)
FN:40,getBoardsByGameId
FN:93,createBoards
FN:112,updateBoards
FN:132,deleteBoardsById
FNF:5
FNH:5
FNDA:1,(anonymous_0)
FNDA:1,getBoardsByGameId
FNDA:1,createBoards
FNDA:1,updateBoards
FNDA:1,deleteBoardsById
DA:2,1
DA:4,1
DA:5,1
DA:37,1
DA:43,1
DA:44,1
DA:86,0
DA:89,1
DA:94,1
DA:97,1
DA:104,1
DA:106,0
DA:107,0
DA:114,1
DA:115,1
DA:124,0
DA:126,1
DA:133,1
DA:135,1
DA:142,1
DA:148,1
DA:151,0
DA:152,0
DA:156,1
DA:157,1
LF:25
LH:19
BRF:0
BRH:0
end_of_record
TN:
SF:src/services/gameTypes.ts
FN:6,(anonymous_0)
FN:19,(anonymous_1)
FN:28,(anonymous_2)
FN:37,(anonymous_3)
FN:69,updateDates
FNF:5
FNH:5
FNDA:1,(anonymous_0)
FNDA:1,(anonymous_1)
FNDA:1,(anonymous_2)
FNDA:1,(anonymous_3)
FNDA:1,updateDates
DA:1,1
DA:6,1
DA:7,1
DA:8,1
DA:19,1
DA:27,1
DA:28,1
DA:30,1
DA:32,0
DA:33,0
DA:37,1
DA:38,1
DA:49,1
DA:50,1
DA:59,1
DA:61,0
DA:71,1
DA:72,1
DA:81,0
DA:83,1
DA:86,1
DA:87,1
LF:22
LH:18
BRDA:49,0,0,1
BRDA:49,0,1,0
BRF:2
BRH:1
end_of_record
TN:
SF:src/services/games.ts
FN:6,(anonymous_0)
FN:28,(anonymous_1)
FN:57,(anonymous_2)
FN:63,getGamesByGameId
FN:106,getGamesBySyndicateId
FN:132,(anonymous_5)
FN:161,(anonymous_6)
FN:168,getGamesByTypeId
FN:199,(anonymous_8)
FN:230,(anonymous_9)
FN:237,archivedGames
FN:263,(anonymous_11)
FN:292,(anonymous_12)
FN:298,createGameInSyndicate
FN:318,updateGames
FN:335,archiveGames
FNF:16
FNH:13
FNDA:1,(anonymous_0)
FNDA:1,(anonymous_1)
FNDA:1,(anonymous_2)
FNDA:1,getGamesByGameId
FNDA:1,getGamesBySyndicateId
FNDA:1,(anonymous_5)
FNDA:1,(anonymous_6)
FNDA:0,getGamesByTypeId
FNDA:0,(anonymous_8)
FNDA:0,(anonymous_9)
FNDA:1,archivedGames
FNDA:1,(anonymous_11)
FNDA:1,(anonymous_12)
FNDA:1,createGameInSyndicate
FNDA:1,updateGames
FNDA:1,archiveGames
DA:1,2
DA:6,2
DA:8,1
DA:27,1
DA:41,1
DA:56,1
DA:57,1
DA:60,1
DA:66,1
DA:88,1
DA:102,1
DA:109,1
DA:131,1
DA:145,1
DA:160,1
DA:161,1
DA:164,1
DA:171,0
DA:198,0
DA:213,0
DA:229,0
DA:230,0
DA:233,0
DA:240,1
DA:262,1
DA:276,1
DA:291,1
DA:292,1
DA:295,1
DA:299,1
DA:300,1
DA:301,1
DA:302,1
DA:310,1
DA:311,1
DA:313,0
DA:314,0
DA:320,1
DA:321,1
DA:330,0
DA:332,1
DA:337,1
DA:338,1
DA:347,0
DA:349,1
DA:352,2
DA:362,2
LF:47
LH:37
BRF:0
BRH:0
end_of_record
TN:
SF:src/services/messages.ts
FN:3,(anonymous_0)
FN:31,(anonymous_1)
FN:50,(anonymous_2)
FN:56,getMessagesByBoardsId
FN:89,(anonymous_4)
FN:108,(anonymous_5)
FN:114,createMessageInBoard
FN:138,deleteMessageById
FNF:8
FNH:7
FNDA:1,(anonymous_0)
FNDA:1,(anonymous_1)
FNDA:1,(anonymous_2)
FNDA:1,getMessagesByBoardsId
FNDA:1,(anonymous_4)
FNDA:1,(anonymous_5)
FNDA:0,createMessageInBoard
FNDA:1,deleteMessageById
DA:1,2
DA:3,2
DA:4,1
DA:31,1
DA:50,1
DA:52,1
DA:60,1
DA:89,1
DA:108,1
DA:110,1
DA:115,0
DA:118,0
DA:127,0
DA:129,0
DA:130,0
DA:140,1
DA:141,1
DA:152,0
DA:154,1
DA:157,2
DA:158,2
LF:21
LH:15
BRF:0
BRH:0
end_of_record
TN:
SF:src/services/reviews.ts
FN:7,getreviewsBySyndicateId
FN:36,(anonymous_1)
FN:66,createReviewInSyndicate
FN:89,deleteReviewsById
FNF:4
FNH:4
FNDA:1,getreviewsBySyndicateId
FNDA:1,(anonymous_1)
FNDA:2,createReviewInSyndicate
FNDA:1,deleteReviewsById
DA:2,3
DA:10,1
DA:11,1
DA:33,0
DA:35,1
DA:48,1
DA:62,1
DA:63,1
DA:67,2
DA:70,2
DA:82,2
DA:84,0
DA:85,0
DA:90,1
DA:92,1
DA:98,1
DA:101,0
DA:102,0
DA:106,3
DA:107,3
LF:20
LH:15
BRF:0
BRH:0
end_of_record
TN:
SF:src/services/syndicates.ts
FN:5,(anonymous_0)
FN:24,(anonymous_1)
FN:50,(anonymous_2)
FN:55,(anonymous_3)
FN:80,(anonymous_4)
FN:106,(anonymous_5)
FN:113,(anonymous_6)
FN:157,createSyndicate
FN:176,addSyndicateImage
FN:194,updateSyndicateDetails
FN:215,deleteSyndicateById
FNF:11
FNH:10
FNDA:1,(anonymous_0)
FNDA:1,(anonymous_1)
FNDA:1,(anonymous_2)
FNDA:1,(anonymous_3)
FNDA:1,(anonymous_4)
FNDA:1,(anonymous_5)
FNDA:1,(anonymous_6)
FNDA:1,createSyndicate
FNDA:0,addSyndicateImage
FNDA:1,updateSyndicateDetails
FNDA:1,deleteSyndicateById
DA:2,2
DA:5,2
DA:6,1
DA:23,1
DA:36,1
DA:50,1
DA:51,1
DA:55,2
DA:57,1
DA:79,1
DA:92,1
DA:106,1
DA:107,1
DA:113,2
DA:116,1
DA:136,1
DA:137,0
DA:140,1
DA:153,1
DA:158,1
DA:159,1
DA:169,1
DA:171,0
DA:172,0
DA:177,0
DA:178,0
DA:186,0
DA:188,0
DA:189,0
DA:196,1
DA:197,1
DA:208,0
DA:210,1
DA:217,1
DA:218,1
DA:230,0
DA:232,1
DA:234,2
DA:235,2
LF:39
LH:29
BRDA:136,0,0,0
BRDA:142,1,0,1
BRDA:142,1,1,0
BRDA:143,2,0,1
BRDA:143,2,1,0
BRDA:144,3,0,1
BRDA:144,3,1,0
BRDA:145,4,0,1
BRDA:145,4,1,0
BRDA:149,5,0,1
BRDA:149,5,1,0
BRDA:150,6,0,1
BRDA:150,6,1,0
BRF:13
BRH:6
end_of_record
TN:
SF:src/services/tickets.ts
FN:5,(anonymous_0)
FN:36,(anonymous_1)
FN:62,ticketsByGameId
FN:102,(anonymous_3)
FN:131,createTicketsByGameId
FN:151,updateTickets
FN:170,deleteTicketsById
FNF:7
FNH:6
FNDA:1,(anonymous_0)
FNDA:1,(anonymous_1)
FNDA:1,ticketsByGameId
FNDA:1,(anonymous_3)
FNDA:0,createTicketsByGameId
FNDA:1,updateTickets
FNDA:1,deleteTicketsById
DA:1,2
DA:5,2
DA:6,1
DA:36,1
DA:58,1
DA:65,1
DA:66,1
DA:102,1
DA:124,1
DA:126,0
DA:132,0
DA:134,0
DA:143,0
DA:145,0
DA:146,0
DA:153,1
DA:154,1
DA:165,0
DA:167,1
DA:171,1
DA:174,1
DA:180,1
DA:183,0
DA:184,0
DA:189,2
DA:190,2
LF:26
LH:17
BRF:0
BRH:0
end_of_record
TN:
SF:src/services/userGames.ts
FN:4,(anonymous_0)
FN:38,(anonymous_1)
FN:64,(anonymous_2)
FN:77,(anonymous_3)
FN:114,(anonymous_4)
FN:140,(anonymous_5)
FN:157,(anonymous_6)
FN:194,(anonymous_7)
FN:220,(anonymous_8)
FN:231,(anonymous_9)
FN:273,(anonymous_10)
FN:303,(anonymous_11)
FN:308,getGamesByGameId
FN:354,(anonymous_13)
FN:391,createUserGame
FN:411,updateUserGame
FN:427,updateRole
FNF:17
FNH:12
FNDA:1,(anonymous_0)
FNDA:1,(anonymous_1)
FNDA:1,(anonymous_2)
FNDA:0,(anonymous_3)
FNDA:0,(anonymous_4)
FNDA:0,(anonymous_5)
FNDA:1,(anonymous_6)
FNDA:1,(anonymous_7)
FNDA:1,(anonymous_8)
FNDA:1,(anonymous_9)
FNDA:1,(anonymous_10)
FNDA:1,(anonymous_11)
FNDA:1,getGamesByGameId
FNDA:1,(anonymous_13)
FNDA:1,createUserGame
FNDA:0,updateUserGame
FNDA:0,updateRole
DA:2,1
DA:4,1
DA:5,1
DA:38,1
DA:63,1
DA:64,1
DA:67,1
DA:77,1
DA:78,0
DA:114,0
DA:139,0
DA:140,0
DA:143,0
DA:157,1
DA:158,1
DA:194,1
DA:219,1
DA:220,1
DA:223,1
DA:231,1
DA:232,1
DA:273,1
DA:302,1
DA:303,1
DA:306,1
DA:311,1
DA:354,1
DA:388,1
DA:392,1
DA:393,1
DA:394,1
DA:403,1
DA:404,1
DA:406,0
DA:407,0
DA:413,0
DA:414,0
DA:423,0
DA:425,0
DA:429,0
DA:430,0
DA:439,0
DA:441,0
DA:447,1
DA:457,1
LF:45
LH:30
BRF:0
BRH:0
end_of_record
TN:
SF:src/services/userSyndicates.ts
FN:4,(anonymous_0)
FN:49,(anonymous_1)
FN:86,(anonymous_2)
FN:141,createUserSyndicate
FN:162,getSyndicatesByUserId
FN:207,(anonymous_5)
FN:258,(anonymous_6)
FN:264,updateUserSyndicateDetails
FN:281,deleteUserSyndicateById
FN:298,deleteUserSyndicateBySyndicateId
FNF:10
FNH:9
FNDA:1,(anonymous_0)
FNDA:1,(anonymous_1)
FNDA:1,(anonymous_2)
FNDA:1,createUserSyndicate
FNDA:1,getSyndicatesByUserId
FNDA:1,(anonymous_5)
FNDA:1,(anonymous_6)
FNDA:1,updateUserSyndicateDetails
FNDA:1,deleteUserSyndicateById
FNDA:0,deleteUserSyndicateBySyndicateId
DA:2,2
DA:4,2
DA:5,1
DA:28,1
DA:42,1
DA:43,0
DA:45,1
DA:49,2
DA:51,1
DA:85,1
DA:106,1
DA:131,1
DA:132,0
DA:136,1
DA:142,1
DA:146,1
DA:154,1
DA:156,0
DA:157,0
DA:165,1
DA:166,1
DA:204,0
DA:206,1
DA:227,1
DA:252,1
DA:253,0
DA:258,1
DA:260,1
DA:266,1
DA:267,1
DA:276,0
DA:278,1
DA:282,1
DA:284,1
DA:290,1
DA:293,0
DA:294,0
DA:299,0
DA:301,0
DA:307,0
DA:310,0
DA:311,0
DA:317,2
DA:318,2
LF:44
LH:30
BRDA:42,0,0,0
BRDA:131,1,0,0
BRDA:252,2,0,0
BRDA:258,3,0,1
BRDA:258,3,1,0
BRF:5
BRH:1
end_of_record
TN:
SF:src/services/users.ts
FN:5,(anonymous_1)
FN:21,(anonymous_2)
FN:22,(anonymous_3)
FN:36,(anonymous_4)
FN:75,createUser
FN:101,updateUserDetails
FN:122,(anonymous_7)
FN:165,depositMoney
FN:187,takePhoto
FN:202,deleteUserById
FNF:10
FNH:7
FNDA:1,(anonymous_1)
FNDA:1,(anonymous_2)
FNDA:1,(anonymous_3)
FNDA:1,(anonymous_4)
FNDA:0,createUser
FNDA:1,updateUserDetails
FNDA:1,(anonymous_7)
FNDA:0,depositMoney
FNDA:0,takePhoto
FNDA:1,deleteUserById
DA:2,3
DA:3,3
DA:5,3
DA:6,1
DA:17,1
DA:18,0
DA:20,1
DA:21,1
DA:22,1
DA:31,1
DA:36,3
DA:39,1
DA:52,1
DA:53,0
DA:55,1
DA:64,1
DA:65,0
DA:69,1
DA:76,0
DA:77,0
DA:79,0
DA:81,0
DA:91,0
DA:93,0
DA:94,0
DA:103,1
DA:104,1
DA:116,0
DA:118,1
DA:122,3
DA:123,1
DA:145,1
DA:146,0
DA:148,1
DA:160,1
DA:167,0
DA:169,0
DA:177,0
DA:180,0
DA:189,0
DA:190,0
DA:191,0
DA:200,0
DA:204,1
DA:205,1
DA:217,0
DA:219,1
DA:223,3
DA:224,3
LF:49
LH:28
BRDA:17,0,0,0
BRDA:52,1,0,0
BRDA:64,2,0,0
BRDA:145,3,0,0
BRF:4
BRH:0
end_of_record
TN:
SF:src/test-utils/prisma.ts
FNF:0
FNH:0
DA:1,10
DA:3,10
DA:5,10
LF:3
LH:3
BRF:0
BRH:0
end_of_record
TN:
SF:src/utils/prisma.ts
FNF:0
FNH:0
DA:1,18
DA:3,18
DA:5,18
LF:3
LH:3
BRF:0
BRH:0
end_of_record
