TN:
SF:src/controllers/games.ts
FN:5,(anonymous_0)
FN:10,(anonymous_1)
FN:18,(anonymous_2)
FN:31,createGames
FN:49,getGamesBySyndicateId
FN:65,getGamesByTypeId
FN:82,UpdateGame
FN:100,archiveGame
FNF:8
FNH:1
FNDA:1,(anonymous_0)
FNDA:0,(anonymous_1)
FNDA:0,(anonymous_2)
FNDA:0,createGames
FNDA:0,getGamesBySyndicateId
FNDA:0,getGamesByTypeId
FNDA:0,UpdateGame
FNDA:0,archiveGame
DA:2,1
DA:5,1
DA:6,1
DA:7,1
DA:10,1
DA:11,0
DA:13,0
DA:14,0
DA:18,1
DA:19,0
DA:20,0
DA:21,0
DA:22,0
DA:24,0
DA:32,0
DA:34,0
DA:43,0
DA:44,0
DA:46,0
DA:50,0
DA:51,0
DA:52,0
DA:53,0
DA:54,0
DA:55,0
DA:58,0
DA:62,0
DA:66,0
DA:67,0
DA:68,0
DA:69,0
DA:70,0
DA:71,0
DA:74,0
DA:78,0
DA:83,0
DA:85,0
DA:94,0
DA:95,0
DA:97,0
DA:101,0
DA:102,0
DA:108,0
DA:109,0
DA:111,0
DA:115,1
DA:116,1
LF:47
LH:8
BRDA:7,0,0,0
BRDA:7,0,1,1
BRDA:14,1,0,0
BRDA:14,1,1,0
BRDA:21,2,0,0
BRDA:54,3,0,0
BRDA:70,4,0,0
BRF:7
BRH:1
end_of_record
TN:
SF:src/controllers/messages.ts
FN:5,(anonymous_0)
FN:9,getMessagesByBoardsId
FN:24,createNewMessageInBoard
FN:40,createNewGameMessageInBoard
FN:56,deleteMessageById
FNF:5
FNH:3
FNDA:1,(anonymous_0)
FNDA:3,getMessagesByBoardsId
FNDA:1,createNewMessageInBoard
FNDA:0,createNewGameMessageInBoard
FNDA:0,deleteMessageById
DA:2,1
DA:5,1
DA:6,1
DA:7,1
DA:10,3
DA:12,3
DA:13,3
DA:14,1
DA:16,2
DA:18,1
DA:21,1
DA:25,1
DA:26,1
DA:34,1
DA:35,1
DA:37,0
DA:41,0
DA:42,0
DA:44,0
DA:45,0
DA:49,0
DA:50,0
DA:57,0
DA:60,0
DA:61,0
DA:62,0
DA:63,0
DA:65,0
DA:67,1
DA:68,1
LF:30
LH:17
BRDA:7,0,0,0
BRDA:7,0,1,1
BRDA:13,1,0,1
BRDA:44,2,0,0
BRDA:62,3,0,0
BRF:5
BRH:2
end_of_record
TN:
SF:src/controllers/reviews.ts
FN:4,getReviewsBySyndicateId
FN:19,createNewReviewOnSyndicate
FN:37,deleteReviewById
FNF:3
FNH:2
FNDA:3,getReviewsBySyndicateId
FNDA:1,createNewReviewOnSyndicate
FNDA:0,deleteReviewById
DA:2,1
DA:5,3
DA:6,3
DA:7,3
DA:8,2
DA:9,2
DA:10,1
DA:12,1
DA:15,1
DA:20,1
DA:21,1
DA:30,1
DA:31,1
DA:33,0
DA:38,0
DA:40,0
DA:41,0
DA:42,0
DA:44,0
DA:50,1
DA:51,1
LF:21
LH:15
BRDA:9,0,0,1
BRDA:41,1,0,0
BRF:2
BRH:1
end_of_record
TN:
SF:src/controllers/signup.ts
FN:4,createUser
FNF:1
FNH:1
FNDA:1,createUser
DA:2,1
DA:5,1
DA:6,1
DA:7,1
DA:8,1
DA:10,0
DA:14,1
DA:15,1
LF:8
LH:7
BRF:0
BRH:0
end_of_record
TN:
SF:src/controllers/syndicates.ts
FN:4,(anonymous_0)
FN:8,(anonymous_1)
FN:16,(anonymous_2)
FN:28,createSyndicate
FN:42,UpdateSyndicateDetails
FN:54,deleteSyndicateById
FNF:6
FNH:3
FNDA:1,(anonymous_0)
FNDA:0,(anonymous_1)
FNDA:0,(anonymous_2)
FNDA:1,createSyndicate
FNDA:2,UpdateSyndicateDetails
FNDA:0,deleteSyndicateById
DA:2,1
DA:4,1
DA:5,1
DA:6,1
DA:8,1
DA:9,0
DA:12,0
DA:13,0
DA:16,1
DA:17,0
DA:18,0
DA:19,0
DA:20,0
DA:22,0
DA:29,1
DA:30,1
DA:34,1
DA:35,1
DA:37,0
DA:43,2
DA:44,2
DA:45,2
DA:46,2
DA:47,2
DA:48,1
DA:50,1
DA:55,0
DA:58,0
DA:59,0
DA:60,0
DA:61,0
DA:63,0
DA:65,1
DA:66,1
LF:34
LH:19
BRDA:6,0,0,0
BRDA:6,0,1,1
BRDA:13,1,0,0
BRDA:13,1,1,0
BRDA:20,2,0,0
BRDA:20,2,1,0
BRDA:60,3,0,0
BRF:7
BRH:1
end_of_record
TN:
SF:src/controllers/tickets.ts
FN:4,(anonymous_0)
FN:9,getTicketsByGameId
FN:28,createTickets
FN:48,updateTicketStatus
FN:65,deleteTicketById
FNF:5
FNH:3
FNDA:2,(anonymous_0)
FNDA:3,getTicketsByGameId
FNDA:0,createTickets
FNDA:1,updateTicketStatus
FNDA:0,deleteTicketById
DA:2,1
DA:4,1
DA:5,2
DA:6,2
DA:10,3
DA:11,3
DA:12,3
DA:13,3
DA:15,2
DA:16,1
DA:18,1
DA:23,1
DA:29,0
DA:30,0
DA:31,0
DA:39,0
DA:40,0
DA:42,0
DA:49,1
DA:52,1
DA:59,1
DA:60,1
DA:62,0
DA:66,0
DA:68,0
DA:69,0
DA:70,0
DA:72,0
DA:75,1
DA:76,1
LF:30
LH:18
BRDA:6,0,0,1
BRDA:6,0,1,1
BRDA:15,1,0,1
BRDA:69,2,0,0
BRF:4
BRH:3
end_of_record
TN:
SF:src/controllers/userSyndicate.ts
FN:3,(anonymous_0)
FN:9,(anonymous_1)
FN:15,getSyndicatesByUserId
FN:31,createUserSyndicate
FN:49,updateUserSyndicate
FN:61,deleteUserSyndicateById
FNF:6
FNH:3
FNDA:0,(anonymous_0)
FNDA:2,(anonymous_1)
FNDA:3,getSyndicatesByUserId
FNDA:1,createUserSyndicate
FNDA:0,updateUserSyndicate
FNDA:0,deleteUserSyndicateById
DA:2,1
DA:3,1
DA:4,0
DA:6,0
DA:7,0
DA:9,1
DA:10,2
DA:12,2
DA:13,2
DA:16,3
DA:17,3
DA:18,3
DA:19,2
DA:20,2
DA:21,1
DA:24,1
DA:28,1
DA:32,1
DA:33,1
DA:34,1
DA:43,1
DA:44,1
DA:46,0
DA:50,0
DA:51,0
DA:53,0
DA:54,0
DA:55,0
DA:56,0
DA:58,0
DA:62,0
DA:64,0
DA:65,0
DA:66,0
DA:68,0
DA:71,1
DA:76,1
LF:37
LH:21
BRDA:7,0,0,0
BRDA:7,0,1,0
BRDA:13,1,0,1
BRDA:13,1,1,1
BRDA:20,2,0,1
BRDA:65,3,0,0
BRF:6
BRH:3
end_of_record
TN:
SF:src/controllers/users.ts
FN:4,(anonymous_0)
FN:12,(anonymous_1)
FN:21,updateUserDetails
FN:32,updateBalance
FN:43,deleteUserById
FNF:5
FNH:3
FNDA:2,(anonymous_0)
FNDA:2,(anonymous_1)
FNDA:2,updateUserDetails
FNDA:0,updateBalance
FNDA:0,deleteUserById
DA:2,1
DA:4,1
DA:5,2
DA:6,2
DA:7,1
DA:10,1
DA:12,1
DA:13,2
DA:15,2
DA:16,2
DA:22,2
DA:23,2
DA:24,2
DA:25,2
DA:26,2
DA:27,1
DA:29,1
DA:33,0
DA:34,0
DA:35,0
DA:36,0
DA:37,0
DA:38,0
DA:40,0
DA:44,0
DA:47,0
DA:48,0
DA:49,0
DA:50,0
DA:52,0
DA:55,1
DA:56,1
LF:32
LH:19
BRDA:7,0,0,0
BRDA:7,0,1,1
BRDA:16,1,0,1
BRDA:16,1,1,1
BRDA:49,2,0,0
BRF:5
BRH:3
end_of_record
TN:
SF:src/services/boards.ts
FN:4,(anonymous_0)
FN:40,getBoardsByGameId
FN:93,createBoards
FN:112,updateBoards
FN:132,deleteBoardsById
FNF:5
FNH:5
FNDA:1,(anonymous_0)
FNDA:1,getBoardsByGameId
FNDA:1,createBoards
FNDA:1,updateBoards
FNDA:1,deleteBoardsById
DA:2,1
DA:4,1
DA:5,1
DA:37,1
DA:43,1
DA:44,1
DA:86,0
DA:89,1
DA:94,1
DA:97,1
DA:104,1
DA:106,0
DA:107,0
DA:114,1
DA:115,1
DA:124,0
DA:126,1
DA:133,1
DA:135,1
DA:142,1
DA:148,1
DA:151,0
DA:152,0
DA:156,1
DA:157,1
LF:25
LH:19
BRF:0
BRH:0
end_of_record
TN:
SF:src/services/gameTypes.ts
FN:6,(anonymous_0)
FN:19,(anonymous_1)
FN:27,(anonymous_2)
FN:36,(anonymous_3)
FN:68,updateDates
FNF:5
FNH:5
FNDA:1,(anonymous_0)
FNDA:1,(anonymous_1)
FNDA:1,(anonymous_2)
FNDA:1,(anonymous_3)
FNDA:1,updateDates
DA:1,1
DA:6,1
DA:7,1
DA:8,1
DA:19,1
DA:27,1
DA:28,1
DA:30,0
DA:31,0
DA:36,1
DA:37,1
DA:48,1
DA:49,1
DA:58,1
DA:60,0
DA:70,1
DA:71,1
DA:81,0
DA:83,1
DA:88,1
DA:89,1
LF:21
LH:17
BRDA:48,0,0,1
BRDA:48,0,1,0
BRF:2
BRH:1
end_of_record
TN:
SF:src/services/games.ts
FN:6,(anonymous_0)
FN:52,(anonymous_1)
FN:111,(anonymous_2)
FN:128,getGamesByGameId
FN:216,getGamesBySyndicateId
FN:267,(anonymous_5)
FN:326,(anonymous_6)
FN:332,getGamesByTypeId
FN:394,(anonymous_8)
FN:453,(anonymous_9)
FN:460,archivedGames
FN:520,(anonymous_11)
FN:584,createGameInSyndicate
FN:605,updateGames
FN:627,archiveGames
FNF:15
FNH:15
FNDA:1,(anonymous_0)
FNDA:1,(anonymous_1)
FNDA:1,(anonymous_2)
FNDA:1,getGamesByGameId
FNDA:1,getGamesBySyndicateId
FNDA:1,(anonymous_5)
FNDA:1,(anonymous_6)
FNDA:1,getGamesByTypeId
FNDA:1,(anonymous_8)
FNDA:1,(anonymous_9)
FNDA:1,archivedGames
FNDA:1,(anonymous_11)
FNDA:1,createGameInSyndicate
FNDA:1,updateGames
FNDA:1,archiveGames
DA:1,2
DA:6,2
DA:9,1
DA:51,1
DA:81,1
DA:111,1
DA:113,1
DA:130,1
DA:131,1
DA:175,1
DA:205,1
DA:207,0
DA:220,1
DA:266,1
DA:296,1
DA:326,1
DA:328,1
DA:335,1
DA:336,1
DA:389,0
DA:393,1
DA:423,1
DA:453,1
DA:455,1
DA:463,1
DA:464,1
DA:516,0
DA:519,1
DA:549,1
DA:579,1
DA:585,1
DA:586,1
DA:587,1
DA:588,1
DA:597,1
DA:598,1
DA:600,0
DA:601,0
DA:607,1
DA:608,1
DA:621,0
DA:623,1
DA:629,1
DA:631,1
DA:639,0
DA:641,1
DA:645,2
DA:646,2
LF:48
LH:41
BRF:0
BRH:0
end_of_record
TN:
SF:src/services/messages.ts
FN:3,(anonymous_0)
FN:31,(anonymous_1)
FN:50,(anonymous_2)
FN:56,getMessagesByBoardsId
FN:89,(anonymous_4)
FN:108,(anonymous_5)
FN:114,createMessageInBoard
FN:138,deleteMessageById
FNF:8
FNH:7
FNDA:1,(anonymous_0)
FNDA:1,(anonymous_1)
FNDA:1,(anonymous_2)
FNDA:1,getMessagesByBoardsId
FNDA:1,(anonymous_4)
FNDA:1,(anonymous_5)
FNDA:0,createMessageInBoard
FNDA:1,deleteMessageById
DA:1,2
DA:3,2
DA:4,1
DA:31,1
DA:50,1
DA:52,1
DA:60,1
DA:89,1
DA:108,1
DA:110,1
DA:115,0
DA:118,0
DA:127,0
DA:129,0
DA:130,0
DA:140,1
DA:141,1
DA:152,0
DA:154,1
DA:157,2
DA:158,2
LF:21
LH:15
BRF:0
BRH:0
end_of_record
TN:
SF:src/services/reviews.ts
FN:7,getreviewsBySyndicateId
FN:36,(anonymous_1)
FN:66,createReviewInSyndicate
FN:89,deleteReviewsById
FNF:4
FNH:4
FNDA:1,getreviewsBySyndicateId
FNDA:1,(anonymous_1)
FNDA:2,createReviewInSyndicate
FNDA:1,deleteReviewsById
DA:2,3
DA:10,1
DA:11,1
DA:33,0
DA:35,1
DA:48,1
DA:62,1
DA:63,1
DA:67,2
DA:70,2
DA:82,2
DA:84,0
DA:85,0
DA:90,1
DA:92,1
DA:98,1
DA:101,0
DA:102,0
DA:106,3
DA:107,3
LF:20
LH:15
BRF:0
BRH:0
end_of_record
TN:
SF:src/services/syndicates.ts
FN:5,(anonymous_0)
FN:24,(anonymous_1)
FN:50,(anonymous_2)
FN:55,(anonymous_3)
FN:80,(anonymous_4)
FN:106,(anonymous_5)
FN:113,(anonymous_6)
FN:157,createSyndicate
FN:178,updateSyndicateDetails
FN:199,deleteSyndicateById
FNF:10
FNH:10
FNDA:1,(anonymous_0)
FNDA:1,(anonymous_1)
FNDA:1,(anonymous_2)
FNDA:1,(anonymous_3)
FNDA:1,(anonymous_4)
FNDA:1,(anonymous_5)
FNDA:1,(anonymous_6)
FNDA:1,createSyndicate
FNDA:1,updateSyndicateDetails
FNDA:1,deleteSyndicateById
DA:2,2
DA:5,2
DA:6,1
DA:23,1
DA:36,1
DA:50,1
DA:51,1
DA:55,2
DA:57,1
DA:79,1
DA:92,1
DA:106,1
DA:107,1
DA:113,2
DA:116,1
DA:136,1
DA:137,0
DA:140,1
DA:153,1
DA:158,1
DA:159,1
DA:169,1
DA:171,0
DA:172,0
DA:180,1
DA:181,1
DA:192,0
DA:194,1
DA:201,1
DA:202,1
DA:214,0
DA:216,1
DA:218,2
DA:219,2
LF:34
LH:29
BRDA:136,0,0,0
BRDA:142,1,0,1
BRDA:142,1,1,0
BRDA:143,2,0,1
BRDA:143,2,1,0
BRDA:144,3,0,1
BRDA:144,3,1,0
BRDA:145,4,0,1
BRDA:145,4,1,0
BRDA:149,5,0,1
BRDA:149,5,1,0
BRDA:150,6,0,1
BRDA:150,6,1,0
BRF:13
BRH:6
end_of_record
TN:
SF:src/services/tickets.ts
FN:5,(anonymous_0)
FN:46,(anonymous_1)
FN:76,(anonymous_2)
FN:82,ticketsByGameId
FN:131,(anonymous_4)
FN:161,(anonymous_5)
FN:170,createTicketsByGameId
FN:190,updateTickets
FN:209,deleteTicketsById
FNF:9
FNH:8
FNDA:1,(anonymous_0)
FNDA:1,(anonymous_1)
FNDA:1,(anonymous_2)
FNDA:1,ticketsByGameId
FNDA:1,(anonymous_4)
FNDA:1,(anonymous_5)
FNDA:0,createTicketsByGameId
FNDA:1,updateTickets
FNDA:1,deleteTicketsById
DA:1,2
DA:5,2
DA:6,1
DA:46,1
DA:76,1
DA:78,1
DA:85,1
DA:86,1
DA:131,1
DA:161,1
DA:163,1
DA:165,0
DA:171,0
DA:173,0
DA:182,0
DA:184,0
DA:185,0
DA:192,1
DA:193,1
DA:204,0
DA:206,1
DA:210,1
DA:213,1
DA:219,1
DA:222,0
DA:223,0
DA:228,2
DA:229,2
LF:28
LH:19
BRF:0
BRH:0
end_of_record
TN:
SF:src/services/userGames.ts
FN:4,(anonymous_0)
FN:50,(anonymous_1)
FN:92,(anonymous_2)
FN:139,(anonymous_3)
FN:181,(anonymous_4)
FN:228,(anonymous_5)
FN:264,getGamesByGameId
FN:313,(anonymous_7)
FN:350,createUserGame
FN:373,updateUserGame
FNF:10
FNH:9
FNDA:1,(anonymous_0)
FNDA:1,(anonymous_1)
FNDA:1,(anonymous_2)
FNDA:1,(anonymous_3)
FNDA:1,(anonymous_4)
FNDA:1,(anonymous_5)
FNDA:1,getGamesByGameId
FNDA:1,(anonymous_7)
FNDA:1,createUserGame
FNDA:0,updateUserGame
DA:2,1
DA:4,1
DA:5,1
DA:50,1
DA:84,1
DA:92,1
DA:93,1
DA:139,1
DA:173,1
DA:181,1
DA:182,1
DA:228,1
DA:262,1
DA:267,1
DA:313,1
DA:347,1
DA:351,1
DA:355,1
DA:365,1
DA:366,1
DA:368,0
DA:369,0
DA:375,0
DA:376,0
DA:387,0
DA:389,0
DA:393,1
DA:394,1
LF:28
LH:22
BRF:0
BRH:0
end_of_record
TN:
SF:src/services/userSyndicates.ts
FN:4,(anonymous_0)
FN:25,(anonymous_1)
FN:61,(anonymous_2)
FN:114,createUserSyndicate
FN:135,getSyndicatesByUserId
FN:179,(anonymous_5)
FN:228,(anonymous_6)
FN:234,updateUserSyndicateDetails
FN:251,deleteUserSyndicateById
FNF:9
FNH:9
FNDA:1,(anonymous_0)
FNDA:1,(anonymous_1)
FNDA:1,(anonymous_2)
FNDA:1,createUserSyndicate
FNDA:1,getSyndicatesByUserId
FNDA:1,(anonymous_5)
FNDA:1,(anonymous_6)
FNDA:1,updateUserSyndicateDetails
FNDA:1,deleteUserSyndicateById
DA:2,2
DA:4,2
DA:5,1
DA:10,1
DA:18,1
DA:19,0
DA:21,1
DA:25,2
DA:27,1
DA:60,1
DA:80,1
DA:104,1
DA:105,0
DA:109,1
DA:115,1
DA:119,1
DA:127,1
DA:129,0
DA:130,0
DA:138,1
DA:139,1
DA:176,0
DA:178,1
DA:198,1
DA:222,1
DA:223,0
DA:228,1
DA:230,1
DA:236,1
DA:237,1
DA:246,0
DA:248,1
DA:252,1
DA:254,1
DA:260,1
DA:263,0
DA:264,0
DA:268,2
DA:269,2
LF:39
LH:30
BRDA:18,0,0,0
BRDA:104,1,0,0
BRDA:222,2,0,0
BRDA:228,3,0,1
BRDA:228,3,1,0
BRF:5
BRH:1
end_of_record
TN:
SF:src/services/users.ts
FN:5,(anonymous_1)
FN:20,(anonymous_2)
FN:21,(anonymous_3)
FN:34,(anonymous_4)
FN:71,createUser
FN:97,updateUserDetails
FN:118,(anonymous_7)
FN:157,depositMoney
FN:173,deleteUserById
FNF:9
FNH:7
FNDA:1,(anonymous_1)
FNDA:1,(anonymous_2)
FNDA:1,(anonymous_3)
FNDA:1,(anonymous_4)
FNDA:0,createUser
FNDA:1,updateUserDetails
FNDA:1,(anonymous_7)
FNDA:0,depositMoney
FNDA:1,deleteUserById
DA:2,3
DA:3,3
DA:5,3
DA:6,1
DA:16,1
DA:17,0
DA:19,1
DA:20,1
DA:21,1
DA:29,1
DA:34,3
DA:37,1
DA:49,1
DA:50,0
DA:52,1
DA:60,1
DA:61,0
DA:65,1
DA:72,0
DA:73,0
DA:75,0
DA:77,0
DA:87,0
DA:89,0
DA:90,0
DA:99,1
DA:100,1
DA:112,0
DA:114,1
DA:118,3
DA:119,1
DA:141,1
DA:149,1
DA:150,0
DA:154,1
DA:159,0
DA:160,0
DA:169,0
DA:171,0
DA:175,1
DA:176,1
DA:188,0
DA:190,1
DA:194,3
DA:195,3
LF:45
LH:28
BRDA:16,0,0,0
BRDA:49,1,0,0
BRDA:60,2,0,0
BRDA:149,3,0,0
BRF:4
BRH:0
end_of_record
TN:
SF:src/test-utils/prisma.ts
FNF:0
FNH:0
DA:1,10
DA:3,10
DA:5,10
LF:3
LH:3
BRF:0
BRH:0
end_of_record
TN:
SF:src/utils/prisma.ts
FNF:0
FNH:0
DA:1,18
DA:3,18
DA:5,18
LF:3
LH:3
BRF:0
BRH:0
end_of_record
